<?xml version="1.0" encoding="UTF-8"?>
<testsuites name="Run All Test Cases" time="1549.511" tests="54" failures="28" errors="0">
   <testsuite name="Run All Test Cases" tests="54" failures="28" errors="0" time="1549.511" timestamp="2019-12-22 01:24:03" hostname="Gia Nguyen - DESKTOP-95BOMC4" id="Test Suites/Run All Test Cases">
      <properties>
[...]
</properties>
      <testcase name="Test Cases/TestCase01LoginSuccessfully" time="11.136" classname="Test Cases/TestCase01LoginSuccessfully" status="PASSED">
         <system-out><![CDATA[2019-12-22 01:24:04 - [TEST_CASE][PASSED] - Test Cases/TestCase01LoginSuccessfully: Test Cases/TestCase01LoginSuccessfully

2019-12-22 01:24:04 - [TEST_STEP][PASSED] - openBrowser(""): Browser is opened with url: ''

2019-12-22 01:24:04 - [MESSAGE][INFO] - Starting 'Firefox (headless)' driver

2019-12-22 01:24:04 - [MESSAGE][INFO] - Action delay is set to 0 seconds

2019-12-22 01:24:07 - [MESSAGE][PASSED] - Browser is opened with url: ''

2019-12-22 01:24:07 - [TEST_STEP][PASSED] - navigateToUrl("https://cs300testautomatic.herokuapp.com/"): Navigate to 'https://cs300testautomatic.herokuapp.com/' successfully

2019-12-22 01:24:10 - [MESSAGE][PASSED] - Navigate to 'https://cs300testautomatic.herokuapp.com/' successfully

2019-12-22 01:24:10 - [TEST_STEP][PASSED] - setText(findTestObject("Page_Mattermost/input_All team communication in one place s_703ef5"), "giabeuu@gmail.com"): Text 'giabeuu@gmail.com' is set on object 'Object Repository/Page_Mattermost/input_All team communication in one place s_703ef5'

2019-12-22 01:24:14 - [MESSAGE][PASSED] - Text 'giabeuu@gmail.com' is set on object 'Object Repository/Page_Mattermost/input_All team communication in one place s_703ef5'

2019-12-22 01:24:14 - [TEST_STEP][PASSED] - setEncryptedText(findTestObject("Page_Mattermost/input_All team communication in one place s_2f2733"), "GoUae4B8Jrc="): Text ****** has been set on object 'Object Repository/Page_Mattermost/input_All team communication in one place s_2f2733'

2019-12-22 01:24:14 - [MESSAGE][PASSED] - Text ****** has been set on object 'Object Repository/Page_Mattermost/input_All team communication in one place s_2f2733'

2019-12-22 01:24:14 - [TEST_STEP][PASSED] - click(findTestObject("Page_Mattermost/span_Sign in")): Object: 'Object Repository/Page_Mattermost/span_Sign in' is clicked on

2019-12-22 01:24:15 - [MESSAGE][PASSED] - Object: 'Object Repository/Page_Mattermost/span_Sign in' is clicked on]]></system-out>
         <system-err><![CDATA[]]></system-err>
      </testcase>
      <testcase name="Test Cases/TestCase02LogoutSuccessfully" time="14.413" classname="Test Cases/TestCase02LogoutSuccessfully" status="PASSED">
         <system-out><![CDATA[2019-12-22 01:24:15 - [TEST_CASE][PASSED] - Test Cases/TestCase02LogoutSuccessfully: Test Cases/TestCase02LogoutSuccessfully

2019-12-22 01:24:15 - [TEST_STEP][PASSED] - openBrowser(""): Browser is opened with url: ''

2019-12-22 01:24:15 - [MESSAGE][WARNING] - A browser is already opened. Closing browser and opening a new one

2019-12-22 01:24:16 - [MESSAGE][INFO] - Starting 'Firefox (headless)' driver

2019-12-22 01:24:18 - [MESSAGE][PASSED] - Browser is opened with url: ''

2019-12-22 01:24:18 - [TEST_STEP][PASSED] - navigateToUrl("https://cs300testautomatic.herokuapp.com/"): Navigate to 'https://cs300testautomatic.herokuapp.com/' successfully

2019-12-22 01:24:21 - [MESSAGE][PASSED] - Navigate to 'https://cs300testautomatic.herokuapp.com/' successfully

2019-12-22 01:24:21 - [TEST_STEP][PASSED] - setText(findTestObject("Page_Mattermost/input_All team communication in one place s_703ef5"), "giabeuu@gmail.com"): Text 'giabeuu@gmail.com' is set on object 'Object Repository/Page_Mattermost/input_All team communication in one place s_703ef5'

2019-12-22 01:24:25 - [MESSAGE][PASSED] - Text 'giabeuu@gmail.com' is set on object 'Object Repository/Page_Mattermost/input_All team communication in one place s_703ef5'

2019-12-22 01:24:25 - [TEST_STEP][PASSED] - setEncryptedText(findTestObject("Page_Mattermost/input_All team communication in one place s_2f2733"), "GoUae4B8Jrc="): Text ****** has been set on object 'Object Repository/Page_Mattermost/input_All team communication in one place s_2f2733'

2019-12-22 01:24:25 - [MESSAGE][PASSED] - Text ****** has been set on object 'Object Repository/Page_Mattermost/input_All team communication in one place s_2f2733'

2019-12-22 01:24:25 - [TEST_STEP][PASSED] - click(findTestObject("Object Repository/Page_Mattermost/button_Sign in")): Object: 'Object Repository/Page_Mattermost/button_Sign in' is clicked on

2019-12-22 01:24:26 - [MESSAGE][PASSED] - Object: 'Object Repository/Page_Mattermost/button_Sign in' is clicked on

2019-12-22 01:24:26 - [TEST_STEP][PASSED] - click(findTestObject("Object Repository/Page_Town Square - Hello Mattermost/span")): Object: 'Object Repository/Page_Town Square - Hello Mattermost/span' is clicked on

2019-12-22 01:24:28 - [MESSAGE][PASSED] - Object: 'Object Repository/Page_Town Square - Hello Mattermost/span' is clicked on

2019-12-22 01:24:28 - [TEST_STEP][PASSED] - click(findTestObject("Object Repository/Page_Town Square - Hello Mattermost/button_Logout")): Object: 'Object Repository/Page_Town Square - Hello Mattermost/button_Logout' is clicked on

2019-12-22 01:24:28 - [MESSAGE][PASSED] - Object: 'Object Repository/Page_Town Square - Hello Mattermost/button_Logout' is clicked on

2019-12-22 01:24:28 - [TEST_STEP][PASSED] - closeBrowser(): Browser is closed

2019-12-22 01:24:29 - [MESSAGE][PASSED] - Browser is closed]]></system-out>
         <system-err><![CDATA[]]></system-err>
      </testcase>
      <testcase name="Test Cases/TestCase03LoginWrongPass" time="11.42" classname="Test Cases/TestCase03LoginWrongPass" status="PASSED">
         <system-out><![CDATA[2019-12-22 01:24:29 - [TEST_CASE][PASSED] - Test Cases/TestCase03LoginWrongPass: Test Cases/TestCase03LoginWrongPass

2019-12-22 01:24:29 - [TEST_STEP][PASSED] - openBrowser(""): Browser is opened with url: ''

2019-12-22 01:24:29 - [MESSAGE][INFO] - Starting 'Firefox (headless)' driver

2019-12-22 01:24:31 - [MESSAGE][PASSED] - Browser is opened with url: ''

2019-12-22 01:24:31 - [TEST_STEP][PASSED] - navigateToUrl("https://cs300testautomatic.herokuapp.com/"): Navigate to 'https://cs300testautomatic.herokuapp.com/' successfully

2019-12-22 01:24:34 - [MESSAGE][PASSED] - Navigate to 'https://cs300testautomatic.herokuapp.com/' successfully

2019-12-22 01:24:34 - [TEST_STEP][PASSED] - setText(findTestObject("Page_Mattermost/input_All team communication in one place s_703ef5"), "giabeuu@gmail.com"): Text 'giabeuu@gmail.com' is set on object 'Object Repository/Page_Mattermost/input_All team communication in one place s_703ef5'

2019-12-22 01:24:39 - [MESSAGE][PASSED] - Text 'giabeuu@gmail.com' is set on object 'Object Repository/Page_Mattermost/input_All team communication in one place s_703ef5'

2019-12-22 01:24:39 - [TEST_STEP][PASSED] - setEncryptedText(findTestObject("Page_Mattermost/input_All team communication in one place s_2f2733"), "4nvbrPglk7k="): Text ****** has been set on object 'Object Repository/Page_Mattermost/input_All team communication in one place s_2f2733'

2019-12-22 01:24:39 - [MESSAGE][PASSED] - Text ****** has been set on object 'Object Repository/Page_Mattermost/input_All team communication in one place s_2f2733'

2019-12-22 01:24:39 - [TEST_STEP][PASSED] - click(findTestObject("Page_Mattermost/span_Sign in")): Object: 'Object Repository/Page_Mattermost/span_Sign in' is clicked on

2019-12-22 01:24:39 - [MESSAGE][PASSED] - Object: 'Object Repository/Page_Mattermost/span_Sign in' is clicked on

2019-12-22 01:24:39 - [TEST_STEP][PASSED] - click(findTestObject("Object Repository/Page_Mattermost/label_Enter a valid email or username andor_ef8acb")): Object: 'Object Repository/Page_Mattermost/label_Enter a valid email or username andor_ef8acb' is clicked on

2019-12-22 01:24:40 - [MESSAGE][PASSED] - Object: 'Object Repository/Page_Mattermost/label_Enter a valid email or username andor_ef8acb' is clicked on

2019-12-22 01:24:40 - [TEST_STEP][PASSED] - closeBrowser(): Browser is closed

2019-12-22 01:24:41 - [MESSAGE][PASSED] - Browser is closed]]></system-out>
         <system-err><![CDATA[]]></system-err>
      </testcase>
      <testcase name="Test Cases/TestCase04CreateNewTeam" time="14.396" classname="Test Cases/TestCase04CreateNewTeam" status="PASSED">
         <system-out><![CDATA[2019-12-22 01:24:41 - [TEST_CASE][PASSED] - Test Cases/TestCase04CreateNewTeam: Test Cases/TestCase04CreateNewTeam

2019-12-22 01:24:41 - [TEST_STEP][PASSED] - openBrowser(""): Browser is opened with url: ''

2019-12-22 01:24:41 - [MESSAGE][INFO] - Starting 'Firefox (headless)' driver

2019-12-22 01:24:43 - [MESSAGE][PASSED] - Browser is opened with url: ''

2019-12-22 01:24:43 - [TEST_STEP][PASSED] - navigateToUrl("https://cs300testautomatic.herokuapp.com/"): Navigate to 'https://cs300testautomatic.herokuapp.com/' successfully

2019-12-22 01:24:46 - [MESSAGE][PASSED] - Navigate to 'https://cs300testautomatic.herokuapp.com/' successfully

2019-12-22 01:24:46 - [TEST_STEP][PASSED] - setText(findTestObject("Page_Mattermost/input_All team communication in one place s_703ef5"), "giabeuu@gmail.com"): Text 'giabeuu@gmail.com' is set on object 'Object Repository/Page_Mattermost/input_All team communication in one place s_703ef5'

2019-12-22 01:24:50 - [MESSAGE][PASSED] - Text 'giabeuu@gmail.com' is set on object 'Object Repository/Page_Mattermost/input_All team communication in one place s_703ef5'

2019-12-22 01:24:50 - [TEST_STEP][PASSED] - setEncryptedText(findTestObject("Page_Mattermost/input_All team communication in one place s_2f2733"), "GoUae4B8Jrc="): Text ****** has been set on object 'Object Repository/Page_Mattermost/input_All team communication in one place s_2f2733'

2019-12-22 01:24:50 - [MESSAGE][PASSED] - Text ****** has been set on object 'Object Repository/Page_Mattermost/input_All team communication in one place s_2f2733'

2019-12-22 01:24:50 - [TEST_STEP][PASSED] - click(findTestObject("Page_Mattermost/span_Sign in")): Object: 'Object Repository/Page_Mattermost/span_Sign in' is clicked on

2019-12-22 01:24:51 - [MESSAGE][PASSED] - Object: 'Object Repository/Page_Mattermost/span_Sign in' is clicked on

2019-12-22 01:24:51 - [TEST_STEP][PASSED] - click(findTestObject("Page_ Town Square - FirstTeam Mattermost/button_giabeuu_style--none sidebar-header-d_0f4080")): Object: 'Object Repository/Page_ Town Square - FirstTeam Mattermost/button_giabeuu_style--none sidebar-header-d_0f4080' is clicked on

2019-12-22 01:24:53 - [MESSAGE][PASSED] - Object: 'Object Repository/Page_ Town Square - FirstTeam Mattermost/button_giabeuu_style--none sidebar-header-d_0f4080' is clicked on

2019-12-22 01:24:53 - [TEST_STEP][PASSED] - click(findTestObject("Page_ Town Square - FirstTeam Mattermost/a_Create a New Team")): Object: 'Object Repository/Page_ Town Square - FirstTeam Mattermost/a_Create a New Team' is clicked on

2019-12-22 01:24:54 - [MESSAGE][PASSED] - Object: 'Object Repository/Page_ Town Square - FirstTeam Mattermost/a_Create a New Team' is clicked on

2019-12-22 01:24:54 - [TEST_STEP][PASSED] - setText(findTestObject("Page_ Town Square - FirstTeam Mattermost/input_Team Name_teamNameInput"), "MyTeam1"): Text 'MyTeam1' is set on object 'Object Repository/Page_ Town Square - FirstTeam Mattermost/input_Team Name_teamNameInput'

2019-12-22 01:24:54 - [MESSAGE][PASSED] - Text 'MyTeam1' is set on object 'Object Repository/Page_ Town Square - FirstTeam Mattermost/input_Team Name_teamNameInput'

2019-12-22 01:24:54 - [TEST_STEP][PASSED] - sendKeys(findTestObject("Page_ Town Square - FirstTeam Mattermost/input_Team Name_teamNameInput"), Keys.chord(ENTER)): Keys 'ENTER + ' sent to object: 'Object Repository/Page_ Town Square - FirstTeam Mattermost/input_Team Name_teamNameInput'

2019-12-22 01:24:54 - [MESSAGE][PASSED] - Keys 'ENTER + ' sent to object: 'Object Repository/Page_ Town Square - FirstTeam Mattermost/input_Team Name_teamNameInput'

2019-12-22 01:24:54 - [TEST_STEP][PASSED] - click(findTestObject("Object Repository/Page_ Town Square - FirstTeam Mattermost/button_Finish")): Object: 'Object Repository/Page_ Town Square - FirstTeam Mattermost/button_Finish' is clicked on

2019-12-22 01:24:54 - [MESSAGE][PASSED] - Object: 'Object Repository/Page_ Town Square - FirstTeam Mattermost/button_Finish' is clicked on

2019-12-22 01:24:54 - [TEST_STEP][PASSED] - closeBrowser(): Browser is closed

2019-12-22 01:24:55 - [MESSAGE][PASSED] - Browser is closed]]></system-out>
         <system-err><![CDATA[]]></system-err>
      </testcase>
      <testcase name="Test Cases/TestCase05ChatSomeThingOnMainChannel" time="14.527" classname="Test Cases/TestCase05ChatSomeThingOnMainChannel" status="PASSED">
         <system-out><![CDATA[2019-12-22 01:24:55 - [TEST_CASE][PASSED] - Test Cases/TestCase05ChatSomeThingOnMainChannel: Test Cases/TestCase05ChatSomeThingOnMainChannel

2019-12-22 01:24:55 - [TEST_STEP][PASSED] - callTestCase(findTestCase("TestCase01LoginSuccessfully"), [:], STOP_ON_FAILURE): Call Test Case 'Test Cases/TestCase01LoginSuccessfully' successfully

2019-12-22 01:24:55 - [TEST_CASE][PASSED] - Test Cases/TestCase01LoginSuccessfully: Test Cases/TestCase01LoginSuccessfully

2019-12-22 01:24:55 - [TEST_STEP][PASSED] - openBrowser(""): Browser is opened with url: ''

2019-12-22 01:24:55 - [MESSAGE][INFO] - Starting 'Firefox (headless)' driver

2019-12-22 01:24:57 - [MESSAGE][PASSED] - Browser is opened with url: ''

2019-12-22 01:24:57 - [TEST_STEP][PASSED] - navigateToUrl("https://cs300testautomatic.herokuapp.com/"): Navigate to 'https://cs300testautomatic.herokuapp.com/' successfully

2019-12-22 01:25:01 - [MESSAGE][PASSED] - Navigate to 'https://cs300testautomatic.herokuapp.com/' successfully

2019-12-22 01:25:01 - [TEST_STEP][PASSED] - setText(findTestObject("Page_Mattermost/input_All team communication in one place s_703ef5"), "giabeuu@gmail.com"): Text 'giabeuu@gmail.com' is set on object 'Object Repository/Page_Mattermost/input_All team communication in one place s_703ef5'

2019-12-22 01:25:05 - [MESSAGE][PASSED] - Text 'giabeuu@gmail.com' is set on object 'Object Repository/Page_Mattermost/input_All team communication in one place s_703ef5'

2019-12-22 01:25:05 - [TEST_STEP][PASSED] - setEncryptedText(findTestObject("Page_Mattermost/input_All team communication in one place s_2f2733"), "GoUae4B8Jrc="): Text ****** has been set on object 'Object Repository/Page_Mattermost/input_All team communication in one place s_2f2733'

2019-12-22 01:25:05 - [MESSAGE][PASSED] - Text ****** has been set on object 'Object Repository/Page_Mattermost/input_All team communication in one place s_2f2733'

2019-12-22 01:25:05 - [TEST_STEP][PASSED] - click(findTestObject("Page_Mattermost/span_Sign in")): Object: 'Object Repository/Page_Mattermost/span_Sign in' is clicked on

2019-12-22 01:25:05 - [MESSAGE][PASSED] - Object: 'Object Repository/Page_Mattermost/span_Sign in' is clicked on

2019-12-22 01:25:05 - [MESSAGE][PASSED] - Call Test Case 'Test Cases/TestCase01LoginSuccessfully' successfully

2019-12-22 01:25:05 - [TEST_STEP][PASSED] - setText(findTestObject("Object Repository/Page_Town Square - FirstTeam Mattermost/textarea_Write to Town Square_post_textbox"), "I"): Text 'I' is set on object 'Object Repository/Page_Town Square - FirstTeam Mattermost/textarea_Write to Town Square_post_textbox'

2019-12-22 01:25:07 - [MESSAGE][PASSED] - Text 'I' is set on object 'Object Repository/Page_Town Square - FirstTeam Mattermost/textarea_Write to Town Square_post_textbox'

2019-12-22 01:25:07 - [TEST_STEP][PASSED] - setText(findTestObject("Object Repository/Page_Town Square - FirstTeam Mattermost/textarea_I"), "I "): Text 'I ' is set on object 'Object Repository/Page_Town Square - FirstTeam Mattermost/textarea_I'

2019-12-22 01:25:07 - [MESSAGE][PASSED] - Text 'I ' is set on object 'Object Repository/Page_Town Square - FirstTeam Mattermost/textarea_I'

2019-12-22 01:25:07 - [TEST_STEP][PASSED] - setText(findTestObject("Object Repository/Page_Town Square - FirstTeam Mattermost/textarea_I_1"), "I c"): Text 'I c' is set on object 'Object Repository/Page_Town Square - FirstTeam Mattermost/textarea_I_1'

2019-12-22 01:25:07 - [MESSAGE][PASSED] - Text 'I c' is set on object 'Object Repository/Page_Town Square - FirstTeam Mattermost/textarea_I_1'

2019-12-22 01:25:07 - [TEST_STEP][PASSED] - setText(findTestObject("Object Repository/Page_Town Square - FirstTeam Mattermost/textarea_I c"), "I ch"): Text 'I ch' is set on object 'Object Repository/Page_Town Square - FirstTeam Mattermost/textarea_I c'

2019-12-22 01:25:08 - [MESSAGE][PASSED] - Text 'I ch' is set on object 'Object Repository/Page_Town Square - FirstTeam Mattermost/textarea_I c'

2019-12-22 01:25:08 - [TEST_STEP][PASSED] - setText(findTestObject("Object Repository/Page_Town Square - FirstTeam Mattermost/textarea_I ch"), "I cha"): Text 'I cha' is set on object 'Object Repository/Page_Town Square - FirstTeam Mattermost/textarea_I ch'

2019-12-22 01:25:08 - [MESSAGE][PASSED] - Text 'I cha' is set on object 'Object Repository/Page_Town Square - FirstTeam Mattermost/textarea_I ch'

2019-12-22 01:25:08 - [TEST_STEP][PASSED] - setText(findTestObject("Object Repository/Page_Town Square - FirstTeam Mattermost/textarea_I cha"), "I chat"): Text 'I chat' is set on object 'Object Repository/Page_Town Square - FirstTeam Mattermost/textarea_I cha'

2019-12-22 01:25:08 - [MESSAGE][PASSED] - Text 'I chat' is set on object 'Object Repository/Page_Town Square - FirstTeam Mattermost/textarea_I cha'

2019-12-22 01:25:08 - [TEST_STEP][PASSED] - setText(findTestObject("Object Repository/Page_Town Square - FirstTeam Mattermost/textarea_I chat"), "I chat "): Text 'I chat ' is set on object 'Object Repository/Page_Town Square - FirstTeam Mattermost/textarea_I chat'

2019-12-22 01:25:08 - [MESSAGE][PASSED] - Text 'I chat ' is set on object 'Object Repository/Page_Town Square - FirstTeam Mattermost/textarea_I chat'

2019-12-22 01:25:08 - [TEST_STEP][PASSED] - setText(findTestObject("Object Repository/Page_Town Square - FirstTeam Mattermost/textarea_I chat_1"), "I chat s"): Text 'I chat s' is set on object 'Object Repository/Page_Town Square - FirstTeam Mattermost/textarea_I chat_1'

2019-12-22 01:25:08 - [MESSAGE][PASSED] - Text 'I chat s' is set on object 'Object Repository/Page_Town Square - FirstTeam Mattermost/textarea_I chat_1'

2019-12-22 01:25:08 - [TEST_STEP][PASSED] - setText(findTestObject("Object Repository/Page_Town Square - FirstTeam Mattermost/textarea_I chat s"), "I chat so"): Text 'I chat so' is set on object 'Object Repository/Page_Town Square - FirstTeam Mattermost/textarea_I chat s'

2019-12-22 01:25:08 - [MESSAGE][PASSED] - Text 'I chat so' is set on object 'Object Repository/Page_Town Square - FirstTeam Mattermost/textarea_I chat s'

2019-12-22 01:25:08 - [TEST_STEP][PASSED] - setText(findTestObject("Object Repository/Page_Town Square - FirstTeam Mattermost/textarea_I chat so"), "I chat som"): Text 'I chat som' is set on object 'Object Repository/Page_Town Square - FirstTeam Mattermost/textarea_I chat so'

2019-12-22 01:25:08 - [MESSAGE][PASSED] - Text 'I chat som' is set on object 'Object Repository/Page_Town Square - FirstTeam Mattermost/textarea_I chat so'

2019-12-22 01:25:08 - [TEST_STEP][PASSED] - setText(findTestObject("Object Repository/Page_Town Square - FirstTeam Mattermost/textarea_I chat som"), "I chat some"): Text 'I chat some' is set on object 'Object Repository/Page_Town Square - FirstTeam Mattermost/textarea_I chat som'

2019-12-22 01:25:08 - [MESSAGE][PASSED] - Text 'I chat some' is set on object 'Object Repository/Page_Town Square - FirstTeam Mattermost/textarea_I chat som'

2019-12-22 01:25:08 - [TEST_STEP][PASSED] - setText(findTestObject("Object Repository/Page_Town Square - FirstTeam Mattermost/textarea_I chat some"), "I chat somet"): Text 'I chat somet' is set on object 'Object Repository/Page_Town Square - FirstTeam Mattermost/textarea_I chat some'

2019-12-22 01:25:08 - [MESSAGE][PASSED] - Text 'I chat somet' is set on object 'Object Repository/Page_Town Square - FirstTeam Mattermost/textarea_I chat some'

2019-12-22 01:25:08 - [TEST_STEP][PASSED] - setText(findTestObject("Object Repository/Page_Town Square - FirstTeam Mattermost/textarea_I chat somet"), "I chat someth"): Text 'I chat someth' is set on object 'Object Repository/Page_Town Square - FirstTeam Mattermost/textarea_I chat somet'

2019-12-22 01:25:08 - [MESSAGE][PASSED] - Text 'I chat someth' is set on object 'Object Repository/Page_Town Square - FirstTeam Mattermost/textarea_I chat somet'

2019-12-22 01:25:08 - [TEST_STEP][PASSED] - setText(findTestObject("Object Repository/Page_Town Square - FirstTeam Mattermost/textarea_I chat someth"), "I chat somethi"): Text 'I chat somethi' is set on object 'Object Repository/Page_Town Square - FirstTeam Mattermost/textarea_I chat someth'

2019-12-22 01:25:09 - [MESSAGE][PASSED] - Text 'I chat somethi' is set on object 'Object Repository/Page_Town Square - FirstTeam Mattermost/textarea_I chat someth'

2019-12-22 01:25:09 - [TEST_STEP][PASSED] - setText(findTestObject("Object Repository/Page_Town Square - FirstTeam Mattermost/textarea_I chat somethi"), "I chat somethin"): Text 'I chat somethin' is set on object 'Object Repository/Page_Town Square - FirstTeam Mattermost/textarea_I chat somethi'

2019-12-22 01:25:09 - [MESSAGE][PASSED] - Text 'I chat somethin' is set on object 'Object Repository/Page_Town Square - FirstTeam Mattermost/textarea_I chat somethi'

2019-12-22 01:25:09 - [TEST_STEP][PASSED] - setText(findTestObject("Object Repository/Page_Town Square - FirstTeam Mattermost/textarea_I chat somethin"), "I chat something"): Text 'I chat something' is set on object 'Object Repository/Page_Town Square - FirstTeam Mattermost/textarea_I chat somethin'

2019-12-22 01:25:09 - [MESSAGE][PASSED] - Text 'I chat something' is set on object 'Object Repository/Page_Town Square - FirstTeam Mattermost/textarea_I chat somethin'

2019-12-22 01:25:09 - [TEST_STEP][PASSED] - closeBrowser(): Browser is closed

2019-12-22 01:25:09 - [MESSAGE][PASSED] - Browser is closed]]></system-out>
         <system-err><![CDATA[]]></system-err>
      </testcase>
      <testcase name="Test Cases/TestCase06CreateDirectMessage" time="13.408" classname="Test Cases/TestCase06CreateDirectMessage" status="PASSED">
         <system-out><![CDATA[2019-12-22 01:25:09 - [TEST_CASE][PASSED] - Test Cases/TestCase06CreateDirectMessage: Test Cases/TestCase06CreateDirectMessage

2019-12-22 01:25:10 - [TEST_STEP][PASSED] - openBrowser(""): Browser is opened with url: ''

2019-12-22 01:25:10 - [MESSAGE][INFO] - Starting 'Firefox (headless)' driver

2019-12-22 01:25:12 - [MESSAGE][PASSED] - Browser is opened with url: ''

2019-12-22 01:25:12 - [TEST_STEP][PASSED] - navigateToUrl("https://cs300testautomatic.herokuapp.com/"): Navigate to 'https://cs300testautomatic.herokuapp.com/' successfully

2019-12-22 01:25:15 - [MESSAGE][PASSED] - Navigate to 'https://cs300testautomatic.herokuapp.com/' successfully

2019-12-22 01:25:15 - [TEST_STEP][PASSED] - setText(findTestObject("Page_Mattermost/input_All team communication in one place s_703ef5 (35)"), "dhieu@apcs.vn"): Text 'dhieu@apcs.vn' is set on object 'Object Repository/Page_Mattermost/input_All team communication in one place s_703ef5 (35)'

2019-12-22 01:25:19 - [MESSAGE][PASSED] - Text 'dhieu@apcs.vn' is set on object 'Object Repository/Page_Mattermost/input_All team communication in one place s_703ef5 (35)'

2019-12-22 01:25:19 - [TEST_STEP][PASSED] - setEncryptedText(findTestObject("Page_Mattermost/input_All team communication in one place s_2f2733 (35)"), "iGDxf8hSRT4="): Text ****** has been set on object 'Object Repository/Page_Mattermost/input_All team communication in one place s_2f2733 (35)'

2019-12-22 01:25:19 - [MESSAGE][PASSED] - Text ****** has been set on object 'Object Repository/Page_Mattermost/input_All team communication in one place s_2f2733 (35)'

2019-12-22 01:25:19 - [TEST_STEP][PASSED] - click(findTestObject("Page_Mattermost/span_Sign in (7)")): Object: 'Object Repository/Page_Mattermost/span_Sign in (7)' is clicked on

2019-12-22 01:25:19 - [MESSAGE][PASSED] - Object: 'Object Repository/Page_Mattermost/span_Sign in (7)' is clicked on

2019-12-22 01:25:19 - [TEST_STEP][PASSED] - click(findTestObject("Page_Town Square - FirstTeam Mattermost/span_ (3)")): Object: 'Object Repository/Page_Town Square - FirstTeam Mattermost/span_ (3)' is clicked on

2019-12-22 01:25:21 - [MESSAGE][PASSED] - Object: 'Object Repository/Page_Town Square - FirstTeam Mattermost/span_ (3)' is clicked on

2019-12-22 01:25:21 - [TEST_STEP][PASSED] - click(findTestObject("Object Repository/Page_Town Square - FirstTeam Mattermost/div_pbduyapcsvn_more-modal__actions--round")): Object: 'Object Repository/Page_Town Square - FirstTeam Mattermost/div_pbduyapcsvn_more-modal__actions--round' is clicked on

2019-12-22 01:25:22 - [MESSAGE][PASSED] - Object: 'Object Repository/Page_Town Square - FirstTeam Mattermost/div_pbduyapcsvn_more-modal__actions--round' is clicked on

2019-12-22 01:25:22 - [TEST_STEP][PASSED] - click(findTestObject("Page_Town Square - FirstTeam Mattermost/button_Go (1)")): Object: 'Object Repository/Page_Town Square - FirstTeam Mattermost/button_Go (1)' is clicked on

2019-12-22 01:25:22 - [MESSAGE][PASSED] - Object: 'Object Repository/Page_Town Square - FirstTeam Mattermost/button_Go (1)' is clicked on

2019-12-22 01:25:22 - [TEST_STEP][PASSED] - closeBrowser(): Browser is closed

2019-12-22 01:25:23 - [MESSAGE][PASSED] - Browser is closed]]></system-out>
         <system-err><![CDATA[]]></system-err>
      </testcase>
      <testcase name="Test Cases/TestCase07ChatSomeThingOnDirectMessage" time="15.264" classname="Test Cases/TestCase07ChatSomeThingOnDirectMessage" status="PASSED">
         <system-out><![CDATA[2019-12-22 01:25:23 - [TEST_CASE][PASSED] - Test Cases/TestCase07ChatSomeThingOnDirectMessage: Test Cases/TestCase07ChatSomeThingOnDirectMessage

2019-12-22 01:25:23 - [TEST_STEP][PASSED] - openBrowser(""): Browser is opened with url: ''

2019-12-22 01:25:23 - [MESSAGE][INFO] - Starting 'Firefox (headless)' driver

2019-12-22 01:25:25 - [MESSAGE][PASSED] - Browser is opened with url: ''

2019-12-22 01:25:25 - [TEST_STEP][PASSED] - navigateToUrl("https://cs300testautomatic.herokuapp.com/"): Navigate to 'https://cs300testautomatic.herokuapp.com/' successfully

2019-12-22 01:25:29 - [MESSAGE][PASSED] - Navigate to 'https://cs300testautomatic.herokuapp.com/' successfully

2019-12-22 01:25:29 - [TEST_STEP][PASSED] - setText(findTestObject("Page_Mattermost/input_All team communication in one place s_703ef5"), "dhieu@apcs.vn"): Text 'dhieu@apcs.vn' is set on object 'Object Repository/Page_Mattermost/input_All team communication in one place s_703ef5'

2019-12-22 01:25:33 - [MESSAGE][PASSED] - Text 'dhieu@apcs.vn' is set on object 'Object Repository/Page_Mattermost/input_All team communication in one place s_703ef5'

2019-12-22 01:25:33 - [TEST_STEP][PASSED] - setEncryptedText(findTestObject("Page_Mattermost/input_All team communication in one place s_2f2733"), "iGDxf8hSRT4="): Text ****** has been set on object 'Object Repository/Page_Mattermost/input_All team communication in one place s_2f2733'

2019-12-22 01:25:33 - [MESSAGE][PASSED] - Text ****** has been set on object 'Object Repository/Page_Mattermost/input_All team communication in one place s_2f2733'

2019-12-22 01:25:33 - [TEST_STEP][PASSED] - sendKeys(findTestObject("Page_Mattermost/input_All team communication in one place s_2f2733"), Keys.chord(ENTER)): Keys 'ENTER + ' sent to object: 'Object Repository/Page_Mattermost/input_All team communication in one place s_2f2733'

2019-12-22 01:25:33 - [MESSAGE][PASSED] - Keys 'ENTER + ' sent to object: 'Object Repository/Page_Mattermost/input_All team communication in one place s_2f2733'

2019-12-22 01:25:33 - [TEST_STEP][PASSED] - click(findTestObject("Object Repository/Page_Town Square - FirstTeam Mattermost/span_duy")): Object: 'Object Repository/Page_Town Square - FirstTeam Mattermost/span_duy' is clicked on

2019-12-22 01:25:36 - [MESSAGE][PASSED] - Object: 'Object Repository/Page_Town Square - FirstTeam Mattermost/span_duy' is clicked on

2019-12-22 01:25:36 - [TEST_STEP][PASSED] - setText(findTestObject("Object Repository/Page_duy - FirstTeam Mattermost/textarea_Write to duy_post_textbox"), "C"): Text 'C' is set on object 'Object Repository/Page_duy - FirstTeam Mattermost/textarea_Write to duy_post_textbox'

2019-12-22 01:25:36 - [MESSAGE][PASSED] - Text 'C' is set on object 'Object Repository/Page_duy - FirstTeam Mattermost/textarea_Write to duy_post_textbox'

2019-12-22 01:25:36 - [TEST_STEP][PASSED] - setText(findTestObject("Object Repository/Page_duy - FirstTeam Mattermost/textarea_C"), "Ch"): Text 'Ch' is set on object 'Object Repository/Page_duy - FirstTeam Mattermost/textarea_C'

2019-12-22 01:25:36 - [MESSAGE][PASSED] - Text 'Ch' is set on object 'Object Repository/Page_duy - FirstTeam Mattermost/textarea_C'

2019-12-22 01:25:36 - [TEST_STEP][PASSED] - setText(findTestObject("Object Repository/Page_duy - FirstTeam Mattermost/textarea_Ch"), "Cha"): Text 'Cha' is set on object 'Object Repository/Page_duy - FirstTeam Mattermost/textarea_Ch'

2019-12-22 01:25:36 - [MESSAGE][PASSED] - Text 'Cha' is set on object 'Object Repository/Page_duy - FirstTeam Mattermost/textarea_Ch'

2019-12-22 01:25:36 - [TEST_STEP][PASSED] - setText(findTestObject("Object Repository/Page_duy - FirstTeam Mattermost/textarea_Cha"), "Chat"): Text 'Chat' is set on object 'Object Repository/Page_duy - FirstTeam Mattermost/textarea_Cha'

2019-12-22 01:25:36 - [MESSAGE][PASSED] - Text 'Chat' is set on object 'Object Repository/Page_duy - FirstTeam Mattermost/textarea_Cha'

2019-12-22 01:25:36 - [TEST_STEP][PASSED] - setText(findTestObject("Object Repository/Page_duy - FirstTeam Mattermost/textarea_Chat"), "Chat "): Text 'Chat ' is set on object 'Object Repository/Page_duy - FirstTeam Mattermost/textarea_Chat'

2019-12-22 01:25:36 - [MESSAGE][PASSED] - Text 'Chat ' is set on object 'Object Repository/Page_duy - FirstTeam Mattermost/textarea_Chat'

2019-12-22 01:25:36 - [TEST_STEP][PASSED] - setText(findTestObject("Object Repository/Page_duy - FirstTeam Mattermost/textarea_Chat_1"), "Chat s"): Text 'Chat s' is set on object 'Object Repository/Page_duy - FirstTeam Mattermost/textarea_Chat_1'

2019-12-22 01:25:36 - [MESSAGE][PASSED] - Text 'Chat s' is set on object 'Object Repository/Page_duy - FirstTeam Mattermost/textarea_Chat_1'

2019-12-22 01:25:36 - [TEST_STEP][PASSED] - setText(findTestObject("Object Repository/Page_duy - FirstTeam Mattermost/textarea_Chat s"), "Chat so"): Text 'Chat so' is set on object 'Object Repository/Page_duy - FirstTeam Mattermost/textarea_Chat s'

2019-12-22 01:25:36 - [MESSAGE][PASSED] - Text 'Chat so' is set on object 'Object Repository/Page_duy - FirstTeam Mattermost/textarea_Chat s'

2019-12-22 01:25:36 - [TEST_STEP][PASSED] - setText(findTestObject("Object Repository/Page_duy - FirstTeam Mattermost/textarea_Chat so"), "Chat som"): Text 'Chat som' is set on object 'Object Repository/Page_duy - FirstTeam Mattermost/textarea_Chat so'

2019-12-22 01:25:37 - [MESSAGE][PASSED] - Text 'Chat som' is set on object 'Object Repository/Page_duy - FirstTeam Mattermost/textarea_Chat so'

2019-12-22 01:25:37 - [TEST_STEP][PASSED] - setText(findTestObject("Object Repository/Page_duy - FirstTeam Mattermost/textarea_Chat som"), "Chat some"): Text 'Chat some' is set on object 'Object Repository/Page_duy - FirstTeam Mattermost/textarea_Chat som'

2019-12-22 01:25:37 - [MESSAGE][PASSED] - Text 'Chat some' is set on object 'Object Repository/Page_duy - FirstTeam Mattermost/textarea_Chat som'

2019-12-22 01:25:37 - [TEST_STEP][PASSED] - setText(findTestObject("Object Repository/Page_duy - FirstTeam Mattermost/textarea_Chat some"), "Chat some "): Text 'Chat some ' is set on object 'Object Repository/Page_duy - FirstTeam Mattermost/textarea_Chat some'

2019-12-22 01:25:37 - [MESSAGE][PASSED] - Text 'Chat some ' is set on object 'Object Repository/Page_duy - FirstTeam Mattermost/textarea_Chat some'

2019-12-22 01:25:37 - [TEST_STEP][PASSED] - setText(findTestObject("Object Repository/Page_duy - FirstTeam Mattermost/textarea_Chat some_1"), "Chat some  "): Text 'Chat some  ' is set on object 'Object Repository/Page_duy - FirstTeam Mattermost/textarea_Chat some_1'

2019-12-22 01:25:37 - [MESSAGE][PASSED] - Text 'Chat some  ' is set on object 'Object Repository/Page_duy - FirstTeam Mattermost/textarea_Chat some_1'

2019-12-22 01:25:37 - [TEST_STEP][PASSED] - setText(findTestObject("Object Repository/Page_duy - FirstTeam Mattermost/textarea_Chat some (1)"), "Chat some "): Text 'Chat some ' is set on object 'Object Repository/Page_duy - FirstTeam Mattermost/textarea_Chat some (1)'

2019-12-22 01:25:37 - [MESSAGE][PASSED] - Text 'Chat some ' is set on object 'Object Repository/Page_duy - FirstTeam Mattermost/textarea_Chat some (1)'

2019-12-22 01:25:37 - [TEST_STEP][PASSED] - setText(findTestObject("Object Repository/Page_duy - FirstTeam Mattermost/textarea_Chat some_1"), "Chat some"): Text 'Chat some' is set on object 'Object Repository/Page_duy - FirstTeam Mattermost/textarea_Chat some_1'

2019-12-22 01:25:37 - [MESSAGE][PASSED] - Text 'Chat some' is set on object 'Object Repository/Page_duy - FirstTeam Mattermost/textarea_Chat some_1'

2019-12-22 01:25:37 - [TEST_STEP][PASSED] - setText(findTestObject("Object Repository/Page_duy - FirstTeam Mattermost/textarea_Chat some"), "Chat somet"): Text 'Chat somet' is set on object 'Object Repository/Page_duy - FirstTeam Mattermost/textarea_Chat some'

2019-12-22 01:25:37 - [MESSAGE][PASSED] - Text 'Chat somet' is set on object 'Object Repository/Page_duy - FirstTeam Mattermost/textarea_Chat some'

2019-12-22 01:25:37 - [TEST_STEP][PASSED] - setText(findTestObject("Object Repository/Page_duy - FirstTeam Mattermost/textarea_Chat somet"), "Chat someth"): Text 'Chat someth' is set on object 'Object Repository/Page_duy - FirstTeam Mattermost/textarea_Chat somet'

2019-12-22 01:25:37 - [MESSAGE][PASSED] - Text 'Chat someth' is set on object 'Object Repository/Page_duy - FirstTeam Mattermost/textarea_Chat somet'

2019-12-22 01:25:37 - [TEST_STEP][PASSED] - setText(findTestObject("Object Repository/Page_duy - FirstTeam Mattermost/textarea_Chat someth"), "Chat somethi"): Text 'Chat somethi' is set on object 'Object Repository/Page_duy - FirstTeam Mattermost/textarea_Chat someth'

2019-12-22 01:25:37 - [MESSAGE][PASSED] - Text 'Chat somethi' is set on object 'Object Repository/Page_duy - FirstTeam Mattermost/textarea_Chat someth'

2019-12-22 01:25:37 - [TEST_STEP][PASSED] - setText(findTestObject("Object Repository/Page_duy - FirstTeam Mattermost/textarea_Chat somethi"), "Chat somethin"): Text 'Chat somethin' is set on object 'Object Repository/Page_duy - FirstTeam Mattermost/textarea_Chat somethi'

2019-12-22 01:25:37 - [MESSAGE][PASSED] - Text 'Chat somethin' is set on object 'Object Repository/Page_duy - FirstTeam Mattermost/textarea_Chat somethi'

2019-12-22 01:25:37 - [TEST_STEP][PASSED] - setText(findTestObject("Object Repository/Page_duy - FirstTeam Mattermost/textarea_Chat somethin"), "Chat something"): Text 'Chat something' is set on object 'Object Repository/Page_duy - FirstTeam Mattermost/textarea_Chat somethin'

2019-12-22 01:25:37 - [MESSAGE][PASSED] - Text 'Chat something' is set on object 'Object Repository/Page_duy - FirstTeam Mattermost/textarea_Chat somethin'

2019-12-22 01:25:37 - [TEST_STEP][PASSED] - closeBrowser(): Browser is closed

2019-12-22 01:25:38 - [MESSAGE][PASSED] - Browser is closed]]></system-out>
         <system-err><![CDATA[]]></system-err>
      </testcase>
      <testcase name="Test Cases/TestCase08TeamSettingsAddMembersToTeam" time="16.317" classname="Test Cases/TestCase08TeamSettingsAddMembersToTeam" status="PASSED">
         <system-out><![CDATA[2019-12-22 01:25:38 - [TEST_CASE][PASSED] - Test Cases/TestCase08TeamSettingsAddMembersToTeam: Test Cases/TestCase08TeamSettingsAddMembersToTeam

2019-12-22 01:25:38 - [TEST_STEP][PASSED] - openBrowser(""): Browser is opened with url: ''

2019-12-22 01:25:38 - [MESSAGE][INFO] - Starting 'Firefox (headless)' driver

2019-12-22 01:25:40 - [MESSAGE][PASSED] - Browser is opened with url: ''

2019-12-22 01:25:40 - [TEST_STEP][PASSED] - navigateToUrl("https://cs300testautomatic.herokuapp.com/"): Navigate to 'https://cs300testautomatic.herokuapp.com/' successfully

2019-12-22 01:25:44 - [MESSAGE][PASSED] - Navigate to 'https://cs300testautomatic.herokuapp.com/' successfully

2019-12-22 01:25:44 - [TEST_STEP][PASSED] - setText(findTestObject("Page_Mattermost/input_All team communication in one place s_703ef5 (6)"), "giabeuu@gmail.com"): Text 'giabeuu@gmail.com' is set on object 'Object Repository/Page_Mattermost/input_All team communication in one place s_703ef5 (6)'

2019-12-22 01:25:50 - [MESSAGE][PASSED] - Text 'giabeuu@gmail.com' is set on object 'Object Repository/Page_Mattermost/input_All team communication in one place s_703ef5 (6)'

2019-12-22 01:25:50 - [TEST_STEP][PASSED] - setEncryptedText(findTestObject("Page_Mattermost/input_All team communication in one place s_2f2733 (6)"), "GoUae4B8Jrc="): Text ****** has been set on object 'Object Repository/Page_Mattermost/input_All team communication in one place s_2f2733 (6)'

2019-12-22 01:25:50 - [MESSAGE][PASSED] - Text ****** has been set on object 'Object Repository/Page_Mattermost/input_All team communication in one place s_2f2733 (6)'

2019-12-22 01:25:50 - [TEST_STEP][PASSED] - click(findTestObject("Page_Mattermost/span_Sign in (4)")): Object: 'Object Repository/Page_Mattermost/span_Sign in (4)' is clicked on

2019-12-22 01:25:50 - [MESSAGE][PASSED] - Object: 'Object Repository/Page_Mattermost/span_Sign in (4)' is clicked on

2019-12-22 01:25:50 - [TEST_STEP][PASSED] - click(findTestObject("Page_(1)  Town Square - FirstTeam Mattermost/button_giabeuu_style--none sidebar-header-d_0f4080 (1)")): Object: 'Object Repository/Page_(1)  Town Square - FirstTeam Mattermost/button_giabeuu_style--none sidebar-header-d_0f4080 (1)' is clicked on

2019-12-22 01:25:52 - [MESSAGE][PASSED] - Object: 'Object Repository/Page_(1)  Town Square - FirstTeam Mattermost/button_giabeuu_style--none sidebar-header-d_0f4080 (1)' is clicked on

2019-12-22 01:25:52 - [TEST_STEP][PASSED] - click(findTestObject("Object Repository/Page_(1)  Town Square - FirstTeam Mattermost/button_Add Members to Team")): Object: 'Object Repository/Page_(1)  Town Square - FirstTeam Mattermost/button_Add Members to Team' is clicked on

2019-12-22 01:25:53 - [MESSAGE][PASSED] - Object: 'Object Repository/Page_(1)  Town Square - FirstTeam Mattermost/button_Add Members to Team' is clicked on

2019-12-22 01:25:53 - [TEST_STEP][PASSED] - click(findTestObject("Object Repository/Page_(1)  Town Square - FirstTeam Mattermost/div_duy - Pham Duy (Due)")): Object: 'Object Repository/Page_(1)  Town Square - FirstTeam Mattermost/div_duy - Pham Duy (Due)' is clicked on

2019-12-22 01:25:53 - [MESSAGE][PASSED] - Object: 'Object Repository/Page_(1)  Town Square - FirstTeam Mattermost/div_duy - Pham Duy (Due)' is clicked on

2019-12-22 01:25:53 - [TEST_STEP][PASSED] - click(findTestObject("Object Repository/Page_(1)  Town Square - FirstTeam Mattermost/button_Add")): Object: 'Object Repository/Page_(1)  Town Square - FirstTeam Mattermost/button_Add' is clicked on

2019-12-22 01:25:54 - [MESSAGE][PASSED] - Object: 'Object Repository/Page_(1)  Town Square - FirstTeam Mattermost/button_Add' is clicked on

2019-12-22 01:25:54 - [TEST_STEP][PASSED] - closeBrowser(): Browser is closed

2019-12-22 01:25:54 - [MESSAGE][PASSED] - Browser is closed]]></system-out>
         <system-err><![CDATA[]]></system-err>
      </testcase>
      <testcase name="Test Cases/TestCase09TeamSettingsRemoveMembersFromTeam" time="21.494" classname="Test Cases/TestCase09TeamSettingsRemoveMembersFromTeam" status="PASSED">
         <system-out><![CDATA[2019-12-22 01:25:54 - [TEST_CASE][PASSED] - Test Cases/TestCase09TeamSettingsRemoveMembersFromTeam: Test Cases/TestCase09TeamSettingsRemoveMembersFromTeam

2019-12-22 01:25:55 - [TEST_STEP][PASSED] - openBrowser(""): Browser is opened with url: ''

2019-12-22 01:25:55 - [MESSAGE][INFO] - Starting 'Firefox (headless)' driver

2019-12-22 01:25:57 - [MESSAGE][PASSED] - Browser is opened with url: ''

2019-12-22 01:25:57 - [TEST_STEP][PASSED] - navigateToUrl("https://cs300testautomatic.herokuapp.com/"): Navigate to 'https://cs300testautomatic.herokuapp.com/' successfully

2019-12-22 01:26:04 - [MESSAGE][PASSED] - Navigate to 'https://cs300testautomatic.herokuapp.com/' successfully

2019-12-22 01:26:04 - [TEST_STEP][PASSED] - setText(findTestObject("Page_Mattermost/input_All team communication in one place s_703ef5 (5)"), "giabeuu@gmail.com"): Text 'giabeuu@gmail.com' is set on object 'Object Repository/Page_Mattermost/input_All team communication in one place s_703ef5 (5)'

2019-12-22 01:26:10 - [MESSAGE][PASSED] - Text 'giabeuu@gmail.com' is set on object 'Object Repository/Page_Mattermost/input_All team communication in one place s_703ef5 (5)'

2019-12-22 01:26:10 - [TEST_STEP][PASSED] - setEncryptedText(findTestObject("Page_Mattermost/input_All team communication in one place s_2f2733 (5)"), "GoUae4B8Jrc="): Text ****** has been set on object 'Object Repository/Page_Mattermost/input_All team communication in one place s_2f2733 (5)'

2019-12-22 01:26:10 - [MESSAGE][PASSED] - Text ****** has been set on object 'Object Repository/Page_Mattermost/input_All team communication in one place s_2f2733 (5)'

2019-12-22 01:26:10 - [TEST_STEP][PASSED] - click(findTestObject("Page_Mattermost/span_Sign in (3)")): Object: 'Object Repository/Page_Mattermost/span_Sign in (3)' is clicked on

2019-12-22 01:26:11 - [MESSAGE][PASSED] - Object: 'Object Repository/Page_Mattermost/span_Sign in (3)' is clicked on

2019-12-22 01:26:11 - [TEST_STEP][PASSED] - click(findTestObject("Object Repository/Page_(1)  Town Square - FirstTeam Mattermost/button_giabeuu_style--none sidebar-header-d_0f4080")): Object: 'Object Repository/Page_(1)  Town Square - FirstTeam Mattermost/button_giabeuu_style--none sidebar-header-d_0f4080' is clicked on

2019-12-22 01:26:13 - [MESSAGE][PASSED] - Object: 'Object Repository/Page_(1)  Town Square - FirstTeam Mattermost/button_giabeuu_style--none sidebar-header-d_0f4080' is clicked on

2019-12-22 01:26:13 - [TEST_STEP][PASSED] - click(findTestObject("Object Repository/Page_(1)  Town Square - FirstTeam Mattermost/button_Manage Members")): Object: 'Object Repository/Page_(1)  Town Square - FirstTeam Mattermost/button_Manage Members' is clicked on

2019-12-22 01:26:14 - [MESSAGE][PASSED] - Object: 'Object Repository/Page_(1)  Town Square - FirstTeam Mattermost/button_Manage Members' is clicked on

2019-12-22 01:26:14 - [TEST_STEP][PASSED] - click(findTestObject("Object Repository/Page_(1)  Town Square - FirstTeam Mattermost/div_duy - Pham Duy (Due)pbduyapcsvnSystem Admin")): Object: 'Object Repository/Page_(1)  Town Square - FirstTeam Mattermost/div_duy - Pham Duy (Due)pbduyapcsvnSystem Admin' is clicked on

2019-12-22 01:26:14 - [MESSAGE][PASSED] - Object: 'Object Repository/Page_(1)  Town Square - FirstTeam Mattermost/div_duy - Pham Duy (Due)pbduyapcsvnSystem Admin' is clicked on

2019-12-22 01:26:14 - [TEST_STEP][PASSED] - click(findTestObject("Object Repository/Page_(1)  Town Square - FirstTeam Mattermost/span_System Admin")): Object: 'Object Repository/Page_(1)  Town Square - FirstTeam Mattermost/span_System Admin' is clicked on

2019-12-22 01:26:15 - [MESSAGE][PASSED] - Object: 'Object Repository/Page_(1)  Town Square - FirstTeam Mattermost/span_System Admin' is clicked on

2019-12-22 01:26:15 - [TEST_STEP][PASSED] - click(findTestObject("Object Repository/Page_(1)  Town Square - FirstTeam Mattermost/button_Remove From Team")): Object: 'Object Repository/Page_(1)  Town Square - FirstTeam Mattermost/button_Remove From Team' is clicked on

2019-12-22 01:26:15 - [MESSAGE][PASSED] - Object: 'Object Repository/Page_(1)  Town Square - FirstTeam Mattermost/button_Remove From Team' is clicked on

2019-12-22 01:26:15 - [TEST_STEP][PASSED] - click(findTestObject("Object Repository/Page_(1)  Town Square - FirstTeam Mattermost/button_Close")): Object: 'Object Repository/Page_(1)  Town Square - FirstTeam Mattermost/button_Close' is clicked on

2019-12-22 01:26:15 - [MESSAGE][PASSED] - Object: 'Object Repository/Page_(1)  Town Square - FirstTeam Mattermost/button_Close' is clicked on

2019-12-22 01:26:15 - [TEST_STEP][PASSED] - closeBrowser(): Browser is closed

2019-12-22 01:26:16 - [MESSAGE][PASSED] - Browser is closed]]></system-out>
         <system-err><![CDATA[]]></system-err>
      </testcase>
      <testcase name="Test Cases/TestCase10TeamSettingsTeamName" time="15.581" classname="Test Cases/TestCase10TeamSettingsTeamName" status="PASSED">
         <system-out><![CDATA[2019-12-22 01:26:16 - [TEST_CASE][PASSED] - Test Cases/TestCase10TeamSettingsTeamName: Test Cases/TestCase10TeamSettingsTeamName

2019-12-22 01:26:16 - [TEST_STEP][PASSED] - callTestCase(findTestCase("TestCase01LoginSuccessfully"), [:], STOP_ON_FAILURE): Call Test Case 'Test Cases/TestCase01LoginSuccessfully' successfully

2019-12-22 01:26:16 - [TEST_CASE][PASSED] - Test Cases/TestCase01LoginSuccessfully: Test Cases/TestCase01LoginSuccessfully

2019-12-22 01:26:16 - [TEST_STEP][PASSED] - openBrowser(""): Browser is opened with url: ''

2019-12-22 01:26:16 - [MESSAGE][INFO] - Starting 'Firefox (headless)' driver

2019-12-22 01:26:18 - [MESSAGE][PASSED] - Browser is opened with url: ''

2019-12-22 01:26:18 - [TEST_STEP][PASSED] - navigateToUrl("https://cs300testautomatic.herokuapp.com/"): Navigate to 'https://cs300testautomatic.herokuapp.com/' successfully

2019-12-22 01:26:21 - [MESSAGE][PASSED] - Navigate to 'https://cs300testautomatic.herokuapp.com/' successfully

2019-12-22 01:26:21 - [TEST_STEP][PASSED] - setText(findTestObject("Page_Mattermost/input_All team communication in one place s_703ef5"), "giabeuu@gmail.com"): Text 'giabeuu@gmail.com' is set on object 'Object Repository/Page_Mattermost/input_All team communication in one place s_703ef5'

2019-12-22 01:26:26 - [MESSAGE][PASSED] - Text 'giabeuu@gmail.com' is set on object 'Object Repository/Page_Mattermost/input_All team communication in one place s_703ef5'

2019-12-22 01:26:26 - [TEST_STEP][PASSED] - setEncryptedText(findTestObject("Page_Mattermost/input_All team communication in one place s_2f2733"), "GoUae4B8Jrc="): Text ****** has been set on object 'Object Repository/Page_Mattermost/input_All team communication in one place s_2f2733'

2019-12-22 01:26:26 - [MESSAGE][PASSED] - Text ****** has been set on object 'Object Repository/Page_Mattermost/input_All team communication in one place s_2f2733'

2019-12-22 01:26:26 - [TEST_STEP][PASSED] - click(findTestObject("Page_Mattermost/span_Sign in")): Object: 'Object Repository/Page_Mattermost/span_Sign in' is clicked on

2019-12-22 01:26:26 - [MESSAGE][PASSED] - Object: 'Object Repository/Page_Mattermost/span_Sign in' is clicked on

2019-12-22 01:26:26 - [MESSAGE][PASSED] - Call Test Case 'Test Cases/TestCase01LoginSuccessfully' successfully

2019-12-22 01:26:26 - [TEST_STEP][PASSED] - click(findTestObject("Object Repository/Page_ Town Square - FirstTeam Mattermost/div_He")): Object: 'Object Repository/Page_ Town Square - FirstTeam Mattermost/div_He' is clicked on

2019-12-22 01:26:29 - [MESSAGE][PASSED] - Object: 'Object Repository/Page_ Town Square - FirstTeam Mattermost/div_He' is clicked on

2019-12-22 01:26:29 - [TEST_STEP][PASSED] - click(findTestObject("Object Repository/Page_ Town Square - Hello Mattermost/svg")): Object: 'Object Repository/Page_ Town Square - Hello Mattermost/svg' is clicked on

2019-12-22 01:26:29 - [MESSAGE][PASSED] - Object: 'Object Repository/Page_ Town Square - Hello Mattermost/svg' is clicked on

2019-12-22 01:26:29 - [TEST_STEP][PASSED] - click(findTestObject("Object Repository/Page_ Town Square - Hello Mattermost/button_Team Settings")): Object: 'Object Repository/Page_ Town Square - Hello Mattermost/button_Team Settings' is clicked on

2019-12-22 01:26:30 - [MESSAGE][PASSED] - Object: 'Object Repository/Page_ Town Square - Hello Mattermost/button_Team Settings' is clicked on

2019-12-22 01:26:30 - [TEST_STEP][PASSED] - click(findTestObject("Object Repository/Page_ Town Square - Hello Mattermost/button_Edit")): Object: 'Object Repository/Page_ Town Square - Hello Mattermost/button_Edit' is clicked on

2019-12-22 01:26:30 - [MESSAGE][PASSED] - Object: 'Object Repository/Page_ Town Square - Hello Mattermost/button_Edit' is clicked on

2019-12-22 01:26:30 - [TEST_STEP][PASSED] - setText(findTestObject("Object Repository/Page_ Town Square - Hello Mattermost/input_Team Name_teamName"), "SecondTeam"): Text 'SecondTeam' is set on object 'Object Repository/Page_ Town Square - Hello Mattermost/input_Team Name_teamName'

2019-12-22 01:26:30 - [MESSAGE][PASSED] - Text 'SecondTeam' is set on object 'Object Repository/Page_ Town Square - Hello Mattermost/input_Team Name_teamName'

2019-12-22 01:26:30 - [TEST_STEP][PASSED] - click(findTestObject("Object Repository/Page_ Town Square - Hello Mattermost/button_Save")): Object: 'Object Repository/Page_ Town Square - Hello Mattermost/button_Save' is clicked on

2019-12-22 01:26:31 - [MESSAGE][PASSED] - Object: 'Object Repository/Page_ Town Square - Hello Mattermost/button_Save' is clicked on

2019-12-22 01:26:31 - [TEST_STEP][PASSED] - click(findTestObject("Object Repository/Page_ Town Square - SecondTeam Mattermost/button_Close")): Object: 'Object Repository/Page_ Town Square - SecondTeam Mattermost/button_Close' is clicked on

2019-12-22 01:26:31 - [MESSAGE][PASSED] - Object: 'Object Repository/Page_ Town Square - SecondTeam Mattermost/button_Close' is clicked on

2019-12-22 01:26:31 - [TEST_STEP][PASSED] - closeBrowser(): Browser is closed

2019-12-22 01:26:32 - [MESSAGE][PASSED] - Browser is closed]]></system-out>
         <system-err><![CDATA[]]></system-err>
      </testcase>
      <testcase name="Test Cases/TestCase11AccountSettingsEditUsername" time="13.53" classname="Test Cases/TestCase11AccountSettingsEditUsername" status="PASSED">
         <system-out><![CDATA[2019-12-22 01:26:32 - [TEST_CASE][PASSED] - Test Cases/TestCase11AccountSettingsEditUsername: Test Cases/TestCase11AccountSettingsEditUsername

2019-12-22 01:26:32 - [TEST_STEP][PASSED] - callTestCase(findTestCase("TestCase01LoginSuccessfully"), [:], STOP_ON_FAILURE): Call Test Case 'Test Cases/TestCase01LoginSuccessfully' successfully

2019-12-22 01:26:32 - [TEST_CASE][PASSED] - Test Cases/TestCase01LoginSuccessfully: Test Cases/TestCase01LoginSuccessfully

2019-12-22 01:26:32 - [TEST_STEP][PASSED] - openBrowser(""): Browser is opened with url: ''

2019-12-22 01:26:32 - [MESSAGE][INFO] - Starting 'Firefox (headless)' driver

2019-12-22 01:26:34 - [MESSAGE][PASSED] - Browser is opened with url: ''

2019-12-22 01:26:34 - [TEST_STEP][PASSED] - navigateToUrl("https://cs300testautomatic.herokuapp.com/"): Navigate to 'https://cs300testautomatic.herokuapp.com/' successfully

2019-12-22 01:26:37 - [MESSAGE][PASSED] - Navigate to 'https://cs300testautomatic.herokuapp.com/' successfully

2019-12-22 01:26:37 - [TEST_STEP][PASSED] - setText(findTestObject("Page_Mattermost/input_All team communication in one place s_703ef5"), "giabeuu@gmail.com"): Text 'giabeuu@gmail.com' is set on object 'Object Repository/Page_Mattermost/input_All team communication in one place s_703ef5'

2019-12-22 01:26:41 - [MESSAGE][PASSED] - Text 'giabeuu@gmail.com' is set on object 'Object Repository/Page_Mattermost/input_All team communication in one place s_703ef5'

2019-12-22 01:26:41 - [TEST_STEP][PASSED] - setEncryptedText(findTestObject("Page_Mattermost/input_All team communication in one place s_2f2733"), "GoUae4B8Jrc="): Text ****** has been set on object 'Object Repository/Page_Mattermost/input_All team communication in one place s_2f2733'

2019-12-22 01:26:41 - [MESSAGE][PASSED] - Text ****** has been set on object 'Object Repository/Page_Mattermost/input_All team communication in one place s_2f2733'

2019-12-22 01:26:41 - [TEST_STEP][PASSED] - click(findTestObject("Page_Mattermost/span_Sign in")): Object: 'Object Repository/Page_Mattermost/span_Sign in' is clicked on

2019-12-22 01:26:41 - [MESSAGE][PASSED] - Object: 'Object Repository/Page_Mattermost/span_Sign in' is clicked on

2019-12-22 01:26:41 - [MESSAGE][PASSED] - Call Test Case 'Test Cases/TestCase01LoginSuccessfully' successfully

2019-12-22 01:26:41 - [TEST_STEP][PASSED] - click(findTestObject("Page_Town Square - FirstTeam Mattermost/button_gia_style--none sidebar-header-dropd_2c8852")): Object: 'Object Repository/Page_Town Square - FirstTeam Mattermost/button_gia_style--none sidebar-header-dropd_2c8852' is clicked on

2019-12-22 01:26:44 - [MESSAGE][PASSED] - Object: 'Object Repository/Page_Town Square - FirstTeam Mattermost/button_gia_style--none sidebar-header-dropd_2c8852' is clicked on

2019-12-22 01:26:44 - [TEST_STEP][PASSED] - click(findTestObject("Page_Town Square - FirstTeam Mattermost/button_Account Settings")): Object: 'Object Repository/Page_Town Square - FirstTeam Mattermost/button_Account Settings' is clicked on

2019-12-22 01:26:44 - [MESSAGE][PASSED] - Object: 'Object Repository/Page_Town Square - FirstTeam Mattermost/button_Account Settings' is clicked on

2019-12-22 01:26:44 - [TEST_STEP][PASSED] - click(findTestObject("Page_Town Square - FirstTeam Mattermost/button_General")): Object: 'Object Repository/Page_Town Square - FirstTeam Mattermost/button_General' is clicked on

2019-12-22 01:26:44 - [MESSAGE][PASSED] - Object: 'Object Repository/Page_Town Square - FirstTeam Mattermost/button_General' is clicked on

2019-12-22 01:26:44 - [TEST_STEP][PASSED] - click(findTestObject("Page_Town Square - FirstTeam Mattermost/button_Edit")): Object: 'Object Repository/Page_Town Square - FirstTeam Mattermost/button_Edit' is clicked on

2019-12-22 01:26:44 - [MESSAGE][PASSED] - Object: 'Object Repository/Page_Town Square - FirstTeam Mattermost/button_Edit' is clicked on

2019-12-22 01:26:44 - [TEST_STEP][PASSED] - setText(findTestObject("Object Repository/Page_Town Square - FirstTeam Mattermost/input_Username_username"), "giabeuu"): Text 'giabeuu' is set on object 'Object Repository/Page_Town Square - FirstTeam Mattermost/input_Username_username'

2019-12-22 01:26:45 - [MESSAGE][PASSED] - Text 'giabeuu' is set on object 'Object Repository/Page_Town Square - FirstTeam Mattermost/input_Username_username'

2019-12-22 01:26:45 - [TEST_STEP][PASSED] - click(findTestObject("Page_Town Square - FirstTeam Mattermost/button_Save")): Object: 'Object Repository/Page_Town Square - FirstTeam Mattermost/button_Save' is clicked on

2019-12-22 01:26:45 - [MESSAGE][PASSED] - Object: 'Object Repository/Page_Town Square - FirstTeam Mattermost/button_Save' is clicked on

2019-12-22 01:26:45 - [TEST_STEP][PASSED] - click(findTestObject("Page_Town Square - FirstTeam Mattermost/button_Close")): Object: 'Object Repository/Page_Town Square - FirstTeam Mattermost/button_Close' is clicked on

2019-12-22 01:26:45 - [MESSAGE][PASSED] - Object: 'Object Repository/Page_Town Square - FirstTeam Mattermost/button_Close' is clicked on]]></system-out>
         <system-err><![CDATA[]]></system-err>
      </testcase>
      <testcase name="Test Cases/TestCase12AccountSettingsEditUsername(illegal)" time="14.04" classname="Test Cases/TestCase12AccountSettingsEditUsername(illegal)" status="PASSED">
         <system-out><![CDATA[2019-12-22 01:26:45 - [TEST_CASE][PASSED] - Test Cases/TestCase12AccountSettingsEditUsername(illegal): Test Cases/TestCase12AccountSettingsEditUsername(illegal)

2019-12-22 01:26:45 - [TEST_STEP][PASSED] - callTestCase(findTestCase("TestCase01LoginSuccessfully"), [:], STOP_ON_FAILURE): Call Test Case 'Test Cases/TestCase01LoginSuccessfully' successfully

2019-12-22 01:26:45 - [TEST_CASE][PASSED] - Test Cases/TestCase01LoginSuccessfully: Test Cases/TestCase01LoginSuccessfully

2019-12-22 01:26:45 - [TEST_STEP][PASSED] - openBrowser(""): Browser is opened with url: ''

2019-12-22 01:26:45 - [MESSAGE][WARNING] - A browser is already opened. Closing browser and opening a new one

2019-12-22 01:26:46 - [MESSAGE][INFO] - Starting 'Firefox (headless)' driver

2019-12-22 01:26:48 - [MESSAGE][PASSED] - Browser is opened with url: ''

2019-12-22 01:26:48 - [TEST_STEP][PASSED] - navigateToUrl("https://cs300testautomatic.herokuapp.com/"): Navigate to 'https://cs300testautomatic.herokuapp.com/' successfully

2019-12-22 01:26:51 - [MESSAGE][PASSED] - Navigate to 'https://cs300testautomatic.herokuapp.com/' successfully

2019-12-22 01:26:51 - [TEST_STEP][PASSED] - setText(findTestObject("Page_Mattermost/input_All team communication in one place s_703ef5"), "giabeuu@gmail.com"): Text 'giabeuu@gmail.com' is set on object 'Object Repository/Page_Mattermost/input_All team communication in one place s_703ef5'

2019-12-22 01:26:55 - [MESSAGE][PASSED] - Text 'giabeuu@gmail.com' is set on object 'Object Repository/Page_Mattermost/input_All team communication in one place s_703ef5'

2019-12-22 01:26:55 - [TEST_STEP][PASSED] - setEncryptedText(findTestObject("Page_Mattermost/input_All team communication in one place s_2f2733"), "GoUae4B8Jrc="): Text ****** has been set on object 'Object Repository/Page_Mattermost/input_All team communication in one place s_2f2733'

2019-12-22 01:26:55 - [MESSAGE][PASSED] - Text ****** has been set on object 'Object Repository/Page_Mattermost/input_All team communication in one place s_2f2733'

2019-12-22 01:26:55 - [TEST_STEP][PASSED] - click(findTestObject("Page_Mattermost/span_Sign in")): Object: 'Object Repository/Page_Mattermost/span_Sign in' is clicked on

2019-12-22 01:26:56 - [MESSAGE][PASSED] - Object: 'Object Repository/Page_Mattermost/span_Sign in' is clicked on

2019-12-22 01:26:56 - [MESSAGE][PASSED] - Call Test Case 'Test Cases/TestCase01LoginSuccessfully' successfully

2019-12-22 01:26:56 - [TEST_STEP][PASSED] - click(findTestObject("Page_Town Square - FirstTeam Mattermost/button_gia_style--none sidebar-header-dropd_2c8852")): Object: 'Object Repository/Page_Town Square - FirstTeam Mattermost/button_gia_style--none sidebar-header-dropd_2c8852' is clicked on

2019-12-22 01:26:57 - [MESSAGE][PASSED] - Object: 'Object Repository/Page_Town Square - FirstTeam Mattermost/button_gia_style--none sidebar-header-dropd_2c8852' is clicked on

2019-12-22 01:26:57 - [TEST_STEP][PASSED] - click(findTestObject("Page_Town Square - FirstTeam Mattermost/button_Account Settings")): Object: 'Object Repository/Page_Town Square - FirstTeam Mattermost/button_Account Settings' is clicked on

2019-12-22 01:26:58 - [MESSAGE][PASSED] - Object: 'Object Repository/Page_Town Square - FirstTeam Mattermost/button_Account Settings' is clicked on

2019-12-22 01:26:58 - [TEST_STEP][PASSED] - click(findTestObject("Page_Town Square - FirstTeam Mattermost/button_General")): Object: 'Object Repository/Page_Town Square - FirstTeam Mattermost/button_General' is clicked on

2019-12-22 01:26:58 - [MESSAGE][PASSED] - Object: 'Object Repository/Page_Town Square - FirstTeam Mattermost/button_General' is clicked on

2019-12-22 01:26:58 - [TEST_STEP][PASSED] - click(findTestObject("Page_Town Square - FirstTeam Mattermost/button_Edit")): Object: 'Object Repository/Page_Town Square - FirstTeam Mattermost/button_Edit' is clicked on

2019-12-22 01:26:59 - [MESSAGE][PASSED] - Object: 'Object Repository/Page_Town Square - FirstTeam Mattermost/button_Edit' is clicked on

2019-12-22 01:26:59 - [TEST_STEP][PASSED] - setText(findTestObject("Object Repository/Page_Town Square - FirstTeam Mattermost/input_Username_username"), "-giabeuu"): Text '-giabeuu' is set on object 'Object Repository/Page_Town Square - FirstTeam Mattermost/input_Username_username'

2019-12-22 01:26:59 - [MESSAGE][PASSED] - Text '-giabeuu' is set on object 'Object Repository/Page_Town Square - FirstTeam Mattermost/input_Username_username'

2019-12-22 01:26:59 - [TEST_STEP][PASSED] - click(findTestObject("Page_Town Square - FirstTeam Mattermost/button_Save")): Object: 'Object Repository/Page_Town Square - FirstTeam Mattermost/button_Save' is clicked on

2019-12-22 01:26:59 - [MESSAGE][PASSED] - Object: 'Object Repository/Page_Town Square - FirstTeam Mattermost/button_Save' is clicked on]]></system-out>
         <system-err><![CDATA[]]></system-err>
      </testcase>
      <testcase name="Test Cases/TestCase13AccountSettingsFullName" time="14.531" classname="Test Cases/TestCase13AccountSettingsFullName" status="PASSED">
         <system-out><![CDATA[2019-12-22 01:26:59 - [TEST_CASE][PASSED] - Test Cases/TestCase13AccountSettingsFullName: Test Cases/TestCase13AccountSettingsFullName

2019-12-22 01:26:59 - [TEST_STEP][PASSED] - callTestCase(findTestCase("TestCase01LoginSuccessfully"), [:], STOP_ON_FAILURE): Call Test Case 'Test Cases/TestCase01LoginSuccessfully' successfully

2019-12-22 01:26:59 - [TEST_CASE][PASSED] - Test Cases/TestCase01LoginSuccessfully: Test Cases/TestCase01LoginSuccessfully

2019-12-22 01:26:59 - [TEST_STEP][PASSED] - openBrowser(""): Browser is opened with url: ''

2019-12-22 01:26:59 - [MESSAGE][WARNING] - A browser is already opened. Closing browser and opening a new one

2019-12-22 01:27:00 - [MESSAGE][INFO] - Starting 'Firefox (headless)' driver

2019-12-22 01:27:02 - [MESSAGE][PASSED] - Browser is opened with url: ''

2019-12-22 01:27:02 - [TEST_STEP][PASSED] - navigateToUrl("https://cs300testautomatic.herokuapp.com/"): Navigate to 'https://cs300testautomatic.herokuapp.com/' successfully

2019-12-22 01:27:06 - [MESSAGE][PASSED] - Navigate to 'https://cs300testautomatic.herokuapp.com/' successfully

2019-12-22 01:27:06 - [TEST_STEP][PASSED] - setText(findTestObject("Page_Mattermost/input_All team communication in one place s_703ef5"), "giabeuu@gmail.com"): Text 'giabeuu@gmail.com' is set on object 'Object Repository/Page_Mattermost/input_All team communication in one place s_703ef5'

2019-12-22 01:27:09 - [MESSAGE][PASSED] - Text 'giabeuu@gmail.com' is set on object 'Object Repository/Page_Mattermost/input_All team communication in one place s_703ef5'

2019-12-22 01:27:09 - [TEST_STEP][PASSED] - setEncryptedText(findTestObject("Page_Mattermost/input_All team communication in one place s_2f2733"), "GoUae4B8Jrc="): Text ****** has been set on object 'Object Repository/Page_Mattermost/input_All team communication in one place s_2f2733'

2019-12-22 01:27:09 - [MESSAGE][PASSED] - Text ****** has been set on object 'Object Repository/Page_Mattermost/input_All team communication in one place s_2f2733'

2019-12-22 01:27:09 - [TEST_STEP][PASSED] - click(findTestObject("Page_Mattermost/span_Sign in")): Object: 'Object Repository/Page_Mattermost/span_Sign in' is clicked on

2019-12-22 01:27:10 - [MESSAGE][PASSED] - Object: 'Object Repository/Page_Mattermost/span_Sign in' is clicked on

2019-12-22 01:27:10 - [MESSAGE][PASSED] - Call Test Case 'Test Cases/TestCase01LoginSuccessfully' successfully

2019-12-22 01:27:10 - [TEST_STEP][PASSED] - click(findTestObject("Object Repository/Page_ Town Square - MyTeam Mattermost/svg")): Object: 'Object Repository/Page_ Town Square - MyTeam Mattermost/svg' is clicked on

2019-12-22 01:27:12 - [MESSAGE][PASSED] - Object: 'Object Repository/Page_ Town Square - MyTeam Mattermost/svg' is clicked on

2019-12-22 01:27:12 - [TEST_STEP][PASSED] - click(findTestObject("Object Repository/Page_ Town Square - MyTeam Mattermost/button_Account Settings")): Object: 'Object Repository/Page_ Town Square - MyTeam Mattermost/button_Account Settings' is clicked on

2019-12-22 01:27:12 - [MESSAGE][PASSED] - Object: 'Object Repository/Page_ Town Square - MyTeam Mattermost/button_Account Settings' is clicked on

2019-12-22 01:27:12 - [TEST_STEP][PASSED] - click(findTestObject("Object Repository/Page_ Town Square - MyTeam Mattermost/span_Edit")): Object: 'Object Repository/Page_ Town Square - MyTeam Mattermost/span_Edit' is clicked on

2019-12-22 01:27:13 - [MESSAGE][PASSED] - Object: 'Object Repository/Page_ Town Square - MyTeam Mattermost/span_Edit' is clicked on

2019-12-22 01:27:13 - [TEST_STEP][PASSED] - setText(findTestObject("Object Repository/Page_ Town Square - MyTeam Mattermost/input_First Name_firstName"), "Nguyen"): Text 'Nguyen' is set on object 'Object Repository/Page_ Town Square - MyTeam Mattermost/input_First Name_firstName'

2019-12-22 01:27:13 - [MESSAGE][PASSED] - Text 'Nguyen' is set on object 'Object Repository/Page_ Town Square - MyTeam Mattermost/input_First Name_firstName'

2019-12-22 01:27:13 - [TEST_STEP][PASSED] - setText(findTestObject("Object Repository/Page_ Town Square - MyTeam Mattermost/input_Last Name_lastName"), "Gia"): Text 'Gia' is set on object 'Object Repository/Page_ Town Square - MyTeam Mattermost/input_Last Name_lastName'

2019-12-22 01:27:13 - [MESSAGE][PASSED] - Text 'Gia' is set on object 'Object Repository/Page_ Town Square - MyTeam Mattermost/input_Last Name_lastName'

2019-12-22 01:27:13 - [TEST_STEP][PASSED] - click(findTestObject("Object Repository/Page_ Town Square - MyTeam Mattermost/span_Save")): Object: 'Object Repository/Page_ Town Square - MyTeam Mattermost/span_Save' is clicked on

2019-12-22 01:27:13 - [MESSAGE][PASSED] - Object: 'Object Repository/Page_ Town Square - MyTeam Mattermost/span_Save' is clicked on

2019-12-22 01:27:13 - [TEST_STEP][PASSED] - closeBrowser(): Browser is closed

2019-12-22 01:27:14 - [MESSAGE][PASSED] - Browser is closed]]></system-out>
         <system-err><![CDATA[]]></system-err>
      </testcase>
      <testcase name="Test Cases/TestCase14AccountSettingsNickname" time="14.082" classname="Test Cases/TestCase14AccountSettingsNickname" status="PASSED">
         <system-out><![CDATA[2019-12-22 01:27:14 - [TEST_CASE][PASSED] - Test Cases/TestCase14AccountSettingsNickname: Test Cases/TestCase14AccountSettingsNickname

2019-12-22 01:27:14 - [TEST_STEP][PASSED] - callTestCase(findTestCase("TestCase01LoginSuccessfully"), [:], STOP_ON_FAILURE): Call Test Case 'Test Cases/TestCase01LoginSuccessfully' successfully

2019-12-22 01:27:14 - [TEST_CASE][PASSED] - Test Cases/TestCase01LoginSuccessfully: Test Cases/TestCase01LoginSuccessfully

2019-12-22 01:27:14 - [TEST_STEP][PASSED] - openBrowser(""): Browser is opened with url: ''

2019-12-22 01:27:14 - [MESSAGE][INFO] - Starting 'Firefox (headless)' driver

2019-12-22 01:27:16 - [MESSAGE][PASSED] - Browser is opened with url: ''

2019-12-22 01:27:16 - [TEST_STEP][PASSED] - navigateToUrl("https://cs300testautomatic.herokuapp.com/"): Navigate to 'https://cs300testautomatic.herokuapp.com/' successfully

2019-12-22 01:27:19 - [MESSAGE][PASSED] - Navigate to 'https://cs300testautomatic.herokuapp.com/' successfully

2019-12-22 01:27:19 - [TEST_STEP][PASSED] - setText(findTestObject("Page_Mattermost/input_All team communication in one place s_703ef5"), "giabeuu@gmail.com"): Text 'giabeuu@gmail.com' is set on object 'Object Repository/Page_Mattermost/input_All team communication in one place s_703ef5'

2019-12-22 01:27:23 - [MESSAGE][PASSED] - Text 'giabeuu@gmail.com' is set on object 'Object Repository/Page_Mattermost/input_All team communication in one place s_703ef5'

2019-12-22 01:27:23 - [TEST_STEP][PASSED] - setEncryptedText(findTestObject("Page_Mattermost/input_All team communication in one place s_2f2733"), "GoUae4B8Jrc="): Text ****** has been set on object 'Object Repository/Page_Mattermost/input_All team communication in one place s_2f2733'

2019-12-22 01:27:23 - [MESSAGE][PASSED] - Text ****** has been set on object 'Object Repository/Page_Mattermost/input_All team communication in one place s_2f2733'

2019-12-22 01:27:23 - [TEST_STEP][PASSED] - click(findTestObject("Page_Mattermost/span_Sign in")): Object: 'Object Repository/Page_Mattermost/span_Sign in' is clicked on

2019-12-22 01:27:23 - [MESSAGE][PASSED] - Object: 'Object Repository/Page_Mattermost/span_Sign in' is clicked on

2019-12-22 01:27:23 - [MESSAGE][PASSED] - Call Test Case 'Test Cases/TestCase01LoginSuccessfully' successfully

2019-12-22 01:27:23 - [TEST_STEP][PASSED] - click(findTestObject("Object Repository/Page_ Town Square - FirstTeam Mattermost/span")): Object: 'Object Repository/Page_ Town Square - FirstTeam Mattermost/span' is clicked on

2019-12-22 01:27:25 - [MESSAGE][PASSED] - Object: 'Object Repository/Page_ Town Square - FirstTeam Mattermost/span' is clicked on

2019-12-22 01:27:25 - [TEST_STEP][PASSED] - click(findTestObject("Object Repository/Page_ Town Square - FirstTeam Mattermost/button_Account Settings")): Object: 'Object Repository/Page_ Town Square - FirstTeam Mattermost/button_Account Settings' is clicked on

2019-12-22 01:27:25 - [MESSAGE][PASSED] - Object: 'Object Repository/Page_ Town Square - FirstTeam Mattermost/button_Account Settings' is clicked on

2019-12-22 01:27:25 - [TEST_STEP][PASSED] - click(findTestObject("Object Repository/Page_ Town Square - FirstTeam Mattermost/button_Edit")): Object: 'Object Repository/Page_ Town Square - FirstTeam Mattermost/button_Edit' is clicked on

2019-12-22 01:27:26 - [MESSAGE][PASSED] - Object: 'Object Repository/Page_ Town Square - FirstTeam Mattermost/button_Edit' is clicked on

2019-12-22 01:27:26 - [TEST_STEP][PASSED] - setText(findTestObject("Object Repository/Page_ Town Square - FirstTeam Mattermost/input_Nickname_nickname"), "GiaGia"): Text 'GiaGia' is set on object 'Object Repository/Page_ Town Square - FirstTeam Mattermost/input_Nickname_nickname'

2019-12-22 01:27:26 - [MESSAGE][PASSED] - Text 'GiaGia' is set on object 'Object Repository/Page_ Town Square - FirstTeam Mattermost/input_Nickname_nickname'

2019-12-22 01:27:26 - [TEST_STEP][PASSED] - click(findTestObject("Object Repository/Page_ Town Square - FirstTeam Mattermost/button_Save")): Object: 'Object Repository/Page_ Town Square - FirstTeam Mattermost/button_Save' is clicked on

2019-12-22 01:27:27 - [MESSAGE][PASSED] - Object: 'Object Repository/Page_ Town Square - FirstTeam Mattermost/button_Save' is clicked on

2019-12-22 01:27:27 - [TEST_STEP][PASSED] - click(findTestObject("Object Repository/Page_ Town Square - FirstTeam Mattermost/button_Close")): Object: 'Object Repository/Page_ Town Square - FirstTeam Mattermost/button_Close' is clicked on

2019-12-22 01:27:27 - [MESSAGE][PASSED] - Object: 'Object Repository/Page_ Town Square - FirstTeam Mattermost/button_Close' is clicked on

2019-12-22 01:27:27 - [TEST_STEP][PASSED] - closeBrowser(): Browser is closed

2019-12-22 01:27:28 - [MESSAGE][PASSED] - Browser is closed]]></system-out>
         <system-err><![CDATA[]]></system-err>
      </testcase>
      <testcase name="Test Cases/TestCase15GetInviteLink" time="40.998" classname="Test Cases/TestCase15GetInviteLink" status="FAILED">
         <failure type="FAILED" message="Test Cases/TestCase15GetInviteLink FAILED.
Reason:
com.kms.katalon.core.exception.StepFailedException: Unable to click on object 'Object Repository/Page_ Town Square - FirstTeam Mattermost/div_Fi'
	at com.kms.katalon.core.webui.keyword.internal.WebUIKeywordMain.stepFailed(WebUIKeywordMain.groovy:64)
	at com.kms.katalon.core.webui.keyword.internal.WebUIKeywordMain.runKeyword(WebUIKeywordMain.groovy:26)
	at com.kms.katalon.core.webui.keyword.builtin.ClickKeyword.click(ClickKeyword.groovy:102)
	at com.kms.katalon.core.webui.keyword.builtin.ClickKeyword.execute(ClickKeyword.groovy:43)
	at com.kms.katalon.core.keyword.internal.KeywordExecutor.executeKeywordForPlatform(KeywordExecutor.groovy:72)
	at com.kms.katalon.core.webui.keyword.WebUiBuiltInKeywords.click(WebUiBuiltInKeywords.groovy:616)
	at com.kms.katalon.core.webui.keyword.WebUiBuiltInKeywords$click$3.call(Unknown Source)
	at TestCase15GetInviteLink.run(TestCase15GetInviteLink:29)
	at com.kms.katalon.core.main.ScriptEngine.run(ScriptEngine.java:194)
	at com.kms.katalon.core.main.ScriptEngine.runScriptAsRawText(ScriptEngine.java:119)
	at com.kms.katalon.core.main.TestCaseExecutor.runScript(TestCaseExecutor.java:337)
	at com.kms.katalon.core.main.TestCaseExecutor.doExecute(TestCaseExecutor.java:328)
	at com.kms.katalon.core.main.TestCaseExecutor.processExecutionPhase(TestCaseExecutor.java:307)
	at com.kms.katalon.core.main.TestCaseExecutor.accessMainPhase(TestCaseExecutor.java:299)
	at com.kms.katalon.core.main.TestCaseExecutor.execute(TestCaseExecutor.java:233)
	at com.kms.katalon.core.main.TestSuiteExecutor.accessTestCaseMainPhase(TestSuiteExecutor.java:169)
	at com.kms.katalon.core.main.TestSuiteExecutor.accessTestSuiteMainPhase(TestSuiteExecutor.java:142)
	at com.kms.katalon.core.main.TestSuiteExecutor.execute(TestSuiteExecutor.java:91)
	at com.kms.katalon.core.main.TestCaseMain.startTestSuite(TestCaseMain.java:157)
	at com.kms.katalon.core.main.TestCaseMain$startTestSuite$0.call(Unknown Source)
	at TempTestSuite1576952642373.run(TempTestSuite1576952642373.groovy:36)
Caused by: com.kms.katalon.core.webui.exception.WebElementNotFoundException: Web element with id: 'Object Repository/Page_ Town Square - FirstTeam Mattermost/div_Fi' located by 'By.xpath: //a[@id='firstteamTeamButton']/div/div/div' not found
	at com.kms.katalon.core.webui.common.WebUiCommonHelper.findWebElement(WebUiCommonHelper.java:1154)
	at com.kms.katalon.core.webui.keyword.internal.WebUIAbstractKeyword.findWebElement(WebUIAbstractKeyword.groovy:27)
	at com.kms.katalon.core.webui.keyword.internal.WebUIAbstractKeyword.findWebElement(WebUIAbstractKeyword.groovy:26)
	at com.kms.katalon.core.webui.keyword.builtin.ClickKeyword$_click_closure1.doCall(ClickKeyword.groovy:67)
	at com.kms.katalon.core.webui.keyword.builtin.ClickKeyword$_click_closure1.call(ClickKeyword.groovy)
	at com.kms.katalon.core.webui.keyword.internal.WebUIKeywordMain.runKeyword(WebUIKeywordMain.groovy:20)
	... 19 more
"/>
         <system-out><![CDATA[2019-12-22 01:27:28 - [TEST_CASE][FAILED] - Test Cases/TestCase15GetInviteLink: Test Cases/TestCase15GetInviteLink FAILED.
Reason:
com.kms.katalon.core.exception.StepFailedException: Unable to click on object 'Object Repository/Page_ Town Square - FirstTeam Mattermost/div_Fi'
	at com.kms.katalon.core.webui.keyword.internal.WebUIKeywordMain.stepFailed(WebUIKeywordMain.groovy:64)
	at com.kms.katalon.core.webui.keyword.internal.WebUIKeywordMain.runKeyword(WebUIKeywordMain.groovy:26)
	at com.kms.katalon.core.webui.keyword.builtin.ClickKeyword.click(ClickKeyword.groovy:102)
	at com.kms.katalon.core.webui.keyword.builtin.ClickKeyword.execute(ClickKeyword.groovy:43)
	at com.kms.katalon.core.keyword.internal.KeywordExecutor.executeKeywordForPlatform(KeywordExecutor.groovy:72)
	at com.kms.katalon.core.webui.keyword.WebUiBuiltInKeywords.click(WebUiBuiltInKeywords.groovy:616)
	at com.kms.katalon.core.webui.keyword.WebUiBuiltInKeywords$click$3.call(Unknown Source)
	at TestCase15GetInviteLink.run(TestCase15GetInviteLink:29)
	at com.kms.katalon.core.main.ScriptEngine.run(ScriptEngine.java:194)
	at com.kms.katalon.core.main.ScriptEngine.runScriptAsRawText(ScriptEngine.java:119)
	at com.kms.katalon.core.main.TestCaseExecutor.runScript(TestCaseExecutor.java:337)
	at com.kms.katalon.core.main.TestCaseExecutor.doExecute(TestCaseExecutor.java:328)
	at com.kms.katalon.core.main.TestCaseExecutor.processExecutionPhase(TestCaseExecutor.java:307)
	at com.kms.katalon.core.main.TestCaseExecutor.accessMainPhase(TestCaseExecutor.java:299)
	at com.kms.katalon.core.main.TestCaseExecutor.execute(TestCaseExecutor.java:233)
	at com.kms.katalon.core.main.TestSuiteExecutor.accessTestCaseMainPhase(TestSuiteExecutor.java:169)
	at com.kms.katalon.core.main.TestSuiteExecutor.accessTestSuiteMainPhase(TestSuiteExecutor.java:142)
	at com.kms.katalon.core.main.TestSuiteExecutor.execute(TestSuiteExecutor.java:91)
	at com.kms.katalon.core.main.TestCaseMain.startTestSuite(TestCaseMain.java:157)
	at com.kms.katalon.core.main.TestCaseMain$startTestSuite$0.call(Unknown Source)
	at TempTestSuite1576952642373.run(TempTestSuite1576952642373.groovy:36)
Caused by: com.kms.katalon.core.webui.exception.WebElementNotFoundException: Web element with id: 'Object Repository/Page_ Town Square - FirstTeam Mattermost/div_Fi' located by 'By.xpath: //a[@id='firstteamTeamButton']/div/div/div' not found
	at com.kms.katalon.core.webui.common.WebUiCommonHelper.findWebElement(WebUiCommonHelper.java:1154)
	at com.kms.katalon.core.webui.keyword.internal.WebUIAbstractKeyword.findWebElement(WebUIAbstractKeyword.groovy:27)
	at com.kms.katalon.core.webui.keyword.internal.WebUIAbstractKeyword.findWebElement(WebUIAbstractKeyword.groovy:26)
	at com.kms.katalon.core.webui.keyword.builtin.ClickKeyword$_click_closure1.doCall(ClickKeyword.groovy:67)
	at com.kms.katalon.core.webui.keyword.builtin.ClickKeyword$_click_closure1.call(ClickKeyword.groovy)
	at com.kms.katalon.core.webui.keyword.internal.WebUIKeywordMain.runKeyword(WebUIKeywordMain.groovy:20)
	... 19 more


2019-12-22 01:27:28 - [TEST_STEP][PASSED] - openBrowser(""): Browser is opened with url: ''

2019-12-22 01:27:28 - [MESSAGE][INFO] - Starting 'Firefox (headless)' driver

2019-12-22 01:27:30 - [MESSAGE][PASSED] - Browser is opened with url: ''

2019-12-22 01:27:30 - [TEST_STEP][PASSED] - navigateToUrl("https://cs300testautomatic.herokuapp.com/"): Navigate to 'https://cs300testautomatic.herokuapp.com/' successfully

2019-12-22 01:27:33 - [MESSAGE][PASSED] - Navigate to 'https://cs300testautomatic.herokuapp.com/' successfully

2019-12-22 01:27:33 - [TEST_STEP][PASSED] - setText(findTestObject("Page_Mattermost/input_All team communication in one place s_703ef5"), "giabeuu@gmail.com"): Text 'giabeuu@gmail.com' is set on object 'Object Repository/Page_Mattermost/input_All team communication in one place s_703ef5'

2019-12-22 01:27:38 - [MESSAGE][PASSED] - Text 'giabeuu@gmail.com' is set on object 'Object Repository/Page_Mattermost/input_All team communication in one place s_703ef5'

2019-12-22 01:27:38 - [TEST_STEP][PASSED] - setEncryptedText(findTestObject("Page_Mattermost/input_All team communication in one place s_2f2733"), "GoUae4B8Jrc="): Text ****** has been set on object 'Object Repository/Page_Mattermost/input_All team communication in one place s_2f2733'

2019-12-22 01:27:38 - [MESSAGE][PASSED] - Text ****** has been set on object 'Object Repository/Page_Mattermost/input_All team communication in one place s_2f2733'

2019-12-22 01:27:38 - [TEST_STEP][PASSED] - sendKeys(findTestObject("Page_Mattermost/input_All team communication in one place s_2f2733"), Keys.chord(ENTER)): Keys 'ENTER + ' sent to object: 'Object Repository/Page_Mattermost/input_All team communication in one place s_2f2733'

2019-12-22 01:27:38 - [MESSAGE][PASSED] - Keys 'ENTER + ' sent to object: 'Object Repository/Page_Mattermost/input_All team communication in one place s_2f2733'

2019-12-22 01:27:38 - [TEST_STEP][FAILED] - click(findTestObject("Object Repository/Page_ Town Square - FirstTeam Mattermost/div_Fi")): Unable to click on object 'Object Repository/Page_ Town Square - FirstTeam Mattermost/div_Fi' (Root cause: com.kms.katalon.core.exception.StepFailedException: Unable to click on object 'Object Repository/Page_ Town Square - FirstTeam Mattermost/div_Fi'
	at com.kms.katalon.core.webui.keyword.internal.WebUIKeywordMain.stepFailed(WebUIKeywordMain.groovy:64)
	at com.kms.katalon.core.webui.keyword.internal.WebUIKeywordMain.runKeyword(WebUIKeywordMain.groovy:26)
	at com.kms.katalon.core.webui.keyword.builtin.ClickKeyword.click(ClickKeyword.groovy:102)
	at com.kms.katalon.core.webui.keyword.builtin.ClickKeyword.execute(ClickKeyword.groovy:43)
	at com.kms.katalon.core.keyword.internal.KeywordExecutor.executeKeywordForPlatform(KeywordExecutor.groovy:72)
	at com.kms.katalon.core.webui.keyword.WebUiBuiltInKeywords.click(WebUiBuiltInKeywords.groovy:616)
	at com.kms.katalon.core.webui.keyword.WebUiBuiltInKeywords$click$3.call(Unknown Source)
[...]
	at com.kms.katalon.core.webui.keyword.WebUiBuiltInKeywords.setEncryptedText(WebUiBuiltInKeywords.groovy:981)
	at com.kms.katalon.core.webui.keyword.WebUiBuiltInKeywords$setEncryptedText$2.call(Unknown Source)
	at Script1576941881312.run(Script1576941881312.groovy:25)
	... 13 more
)

2019-12-22 01:49:37 - [MESSAGE][FAILED] - Unable to set encrypted text for object 'Object Repository/Page_Mattermost/input_All team communication in one place s_2f2733' (Root cause: com.kms.katalon.core.exception.StepFailedException: Unable to set encrypted text for object 'Object Repository/Page_Mattermost/input_All team communication in one place s_2f2733'
	at com.kms.katalon.core.webui.keyword.internal.WebUIKeywordMain.stepFailed(WebUIKeywordMain.groovy:64)
	at com.kms.katalon.core.webui.keyword.internal.WebUIKeywordMain.runKeyword(WebUIKeywordMain.groovy:26)
	at com.kms.katalon.core.webui.keyword.builtin.SetEncryptedTextKeyword.setEncryptedText(SetEncryptedTextKeyword.groovy:65)
	at com.kms.katalon.core.webui.keyword.builtin.SetEncryptedTextKeyword.execute(SetEncryptedTextKeyword.groovy:34)
	at com.kms.katalon.core.keyword.internal.KeywordExecutor.executeKeywordForPlatform(KeywordExecutor.groovy:72)
	at com.kms.katalon.core.webui.keyword.WebUiBuiltInKeywords.setEncryptedText(WebUiBuiltInKeywords.groovy:981)
	at com.kms.katalon.core.webui.keyword.WebUiBuiltInKeywords$setEncryptedText$2.call(Unknown Source)
	at TestCase49LoginMultipleUsers.run(TestCase49LoginMultipleUsers:25)
	at com.kms.katalon.core.main.ScriptEngine.run(ScriptEngine.java:194)
	at com.kms.katalon.core.main.ScriptEngine.runScriptAsRawText(ScriptEngine.java:119)
	at com.kms.katalon.core.main.TestCaseExecutor.runScript(TestCaseExecutor.java:337)
	at com.kms.katalon.core.main.TestCaseExecutor.doExecute(TestCaseExecutor.java:328)
	at com.kms.katalon.core.main.TestCaseExecutor.processExecutionPhase(TestCaseExecutor.java:307)
	at com.kms.katalon.core.main.TestCaseExecutor.accessMainPhase(TestCaseExecutor.java:299)
	at com.kms.katalon.core.main.TestCaseExecutor.execute(TestCaseExecutor.java:233)
	at com.kms.katalon.core.main.TestSuiteExecutor.accessTestCaseMainPhase(TestSuiteExecutor.java:169)
	at com.kms.katalon.core.main.TestSuiteExecutor.accessTestSuiteMainPhase(TestSuiteExecutor.java:142)
	at com.kms.katalon.core.main.TestSuiteExecutor.execute(TestSuiteExecutor.java:91)
	at com.kms.katalon.core.main.TestCaseMain.startTestSuite(TestCaseMain.java:157)
	at com.kms.katalon.core.main.TestCaseMain$startTestSuite$0.call(Unknown Source)
	at TempTestSuite1576952642373.run(TempTestSuite1576952642373.groovy:36)
Caused by: javax.crypto.IllegalBlockSizeException: Input length must be multiple of 8 when decrypting with padded cipher
	at com.sun.crypto.provider.CipherCore.doFinal(CipherCore.java:936)
	at com.sun.crypto.provider.CipherCore.doFinal(CipherCore.java:847)
	at com.sun.crypto.provider.PKCS12PBECipherCore.implDoFinal(PKCS12PBECipherCore.java:399)
	at com.sun.crypto.provider.PKCS12PBECipherCore$PBEWithSHA1AndDESede.engineDoFinal(PKCS12PBECipherCore.java:431)
	at com.kms.katalon.util.CryptoUtil.decode(CryptoUtil.java:86)
	at com.kms.katalon.core.webui.keyword.builtin.SetEncryptedTextKeyword$_setEncryptedText_closure1.doCall(SetEncryptedTextKeyword.groovy:48)
	at com.kms.katalon.core.webui.keyword.builtin.SetEncryptedTextKeyword$_setEncryptedText_closure1.call(SetEncryptedTextKeyword.groovy)
	at com.kms.katalon.core.webui.keyword.internal.WebUIKeywordMain.runKeyword(WebUIKeywordMain.groovy:20)
	at com.kms.katalon.core.webui.keyword.builtin.SetEncryptedTextKeyword.setEncryptedText(SetEncryptedTextKeyword.groovy:65)
	at com.kms.katalon.core.webui.keyword.builtin.SetEncryptedTextKeyword.execute(SetEncryptedTextKeyword.groovy:34)
	at com.kms.katalon.core.keyword.internal.KeywordExecutor.executeKeywordForPlatform(KeywordExecutor.groovy:72)
	at com.kms.katalon.core.webui.keyword.WebUiBuiltInKeywords.setEncryptedText(WebUiBuiltInKeywords.groovy:981)
	at com.kms.katalon.core.webui.keyword.WebUiBuiltInKeywords$setEncryptedText$2.call(Unknown Source)
	at Script1576941881312.run(Script1576941881312.groovy:25)
	... 13 more
)
[[ATTACHMENT|C:\\Users\\Gia Nguyen\\Desktop\\CS300AutomaticWebTesting\\Reports\\20191222_012402\\Run All Test Cases\\20191222_012402\\1576954177277.png]]]]></system-out>
         <system-err><![CDATA[2019-12-22 01:49:26 - [TEST_CASE][FAILED] - Test Cases/TestCase49LoginMultipleUsers: Test Cases/TestCase49LoginMultipleUsers FAILED.
Reason:
com.kms.katalon.core.exception.StepFailedException: Unable to set encrypted text for object 'Object Repository/Page_Mattermost/input_All team communication in one place s_2f2733'
	at com.kms.katalon.core.webui.keyword.internal.WebUIKeywordMain.stepFailed(WebUIKeywordMain.groovy:64)
	at com.kms.katalon.core.webui.keyword.internal.WebUIKeywordMain.runKeyword(WebUIKeywordMain.groovy:26)
	at com.kms.katalon.core.webui.keyword.builtin.SetEncryptedTextKeyword.setEncryptedText(SetEncryptedTextKeyword.groovy:65)
	at com.kms.katalon.core.webui.keyword.builtin.SetEncryptedTextKeyword.execute(SetEncryptedTextKeyword.groovy:34)
	at com.kms.katalon.core.keyword.internal.KeywordExecutor.executeKeywordForPlatform(KeywordExecutor.groovy:72)
	at com.kms.katalon.core.webui.keyword.WebUiBuiltInKeywords.setEncryptedText(WebUiBuiltInKeywords.groovy:981)
	at com.kms.katalon.core.webui.keyword.WebUiBuiltInKeywords$setEncryptedText$2.call(Unknown Source)
	at TestCase49LoginMultipleUsers.run(TestCase49LoginMultipleUsers:25)
	at com.kms.katalon.core.main.ScriptEngine.run(ScriptEngine.java:194)
	at com.kms.katalon.core.main.ScriptEngine.runScriptAsRawText(ScriptEngine.java:119)
	at com.kms.katalon.core.main.TestCaseExecutor.runScript(TestCaseExecutor.java:337)
	at com.kms.katalon.core.main.TestCaseExecutor.doExecute(TestCaseExecutor.java:328)
	at com.kms.katalon.core.main.TestCaseExecutor.processExecutionPhase(TestCaseExecutor.java:307)
	at com.kms.katalon.core.main.TestCaseExecutor.accessMainPhase(TestCaseExecutor.java:299)
	at com.kms.katalon.core.main.TestCaseExecutor.execute(TestCaseExecutor.java:233)
	at com.kms.katalon.core.main.TestSuiteExecutor.accessTestCaseMainPhase(TestSuiteExecutor.java:169)
	at com.kms.katalon.core.main.TestSuiteExecutor.accessTestSuiteMainPhase(TestSuiteExecutor.java:142)
	at com.kms.katalon.core.main.TestSuiteExecutor.execute(TestSuiteExecutor.java:91)
	at com.kms.katalon.core.main.TestCaseMain.startTestSuite(TestCaseMain.java:157)
	at com.kms.katalon.core.main.TestCaseMain$startTestSuite$0.call(Unknown Source)
	at TempTestSuite1576952642373.run(TempTestSuite1576952642373.groovy:36)
Caused by: javax.crypto.IllegalBlockSizeException: Input length must be multiple of 8 when decrypting with padded cipher
	at com.sun.crypto.provider.CipherCore.doFinal(CipherCore.java:936)
	at com.sun.crypto.provider.CipherCore.doFinal(CipherCore.java:847)
	at com.sun.crypto.provider.PKCS12PBECipherCore.implDoFinal(PKCS12PBECipherCore.java:399)
	at com.sun.crypto.provider.PKCS12PBECipherCore$PBEWithSHA1AndDESede.engineDoFinal(PKCS12PBECipherCore.java:431)
	at com.kms.katalon.util.CryptoUtil.decode(CryptoUtil.java:86)
	at com.kms.katalon.core.webui.keyword.builtin.SetEncryptedTextKeyword$_setEncryptedText_closure1.doCall(SetEncryptedTextKeyword.groovy:48)
	at com.kms.katalon.core.webui.keyword.builtin.SetEncryptedTextKeyword$_setEncryptedText_closure1.call(SetEncryptedTextKeyword.groovy)
	at com.kms.katalon.core.webui.keyword.internal.WebUIKeywordMain.runKeyword(WebUIKeywordMain.groovy:20)
	... 19 more]]></system-err>
      </testcase>
      <testcase name="Test Cases/TestCase50ChangeUserPass" time="16.063" classname="Test Cases/TestCase50ChangeUserPass" status="PASSED">
         <system-out><![CDATA[2019-12-22 01:49:37 - [TEST_CASE][PASSED] - Test Cases/TestCase50ChangeUserPass: Test Cases/TestCase50ChangeUserPass

2019-12-22 01:49:37 - [TEST_STEP][PASSED] - openBrowser(""): Browser is opened with url: ''

2019-12-22 01:49:37 - [MESSAGE][WARNING] - A browser is already opened. Closing browser and opening a new one

2019-12-22 01:49:38 - [MESSAGE][INFO] - Starting 'Firefox (headless)' driver

2019-12-22 01:49:40 - [MESSAGE][PASSED] - Browser is opened with url: ''

2019-12-22 01:49:40 - [TEST_STEP][PASSED] - navigateToUrl("https://cs300testautomatic.herokuapp.com/"): Navigate to 'https://cs300testautomatic.herokuapp.com/' successfully

2019-12-22 01:49:43 - [MESSAGE][PASSED] - Navigate to 'https://cs300testautomatic.herokuapp.com/' successfully

2019-12-22 01:49:43 - [TEST_STEP][PASSED] - setText(findTestObject("Page_Mattermost/input_All team communication in one place s_703ef5 (38)"), "dhieu@apcs.vn"): Text 'dhieu@apcs.vn' is set on object 'Object Repository/Page_Mattermost/input_All team communication in one place s_703ef5 (38)'

2019-12-22 01:49:47 - [MESSAGE][PASSED] - Text 'dhieu@apcs.vn' is set on object 'Object Repository/Page_Mattermost/input_All team communication in one place s_703ef5 (38)'

2019-12-22 01:49:47 - [TEST_STEP][PASSED] - setEncryptedText(findTestObject("Page_Mattermost/input_All team communication in one place s_2f2733 (38)"), "iGDxf8hSRT4="): Text ****** has been set on object 'Object Repository/Page_Mattermost/input_All team communication in one place s_2f2733 (38)'

2019-12-22 01:49:47 - [MESSAGE][PASSED] - Text ****** has been set on object 'Object Repository/Page_Mattermost/input_All team communication in one place s_2f2733 (38)'

2019-12-22 01:49:47 - [TEST_STEP][PASSED] - click(findTestObject("Page_Mattermost/span_Sign in (8)")): Object: 'Object Repository/Page_Mattermost/span_Sign in (8)' is clicked on

2019-12-22 01:49:47 - [MESSAGE][PASSED] - Object: 'Object Repository/Page_Mattermost/span_Sign in (8)' is clicked on

2019-12-22 01:49:47 - [TEST_STEP][PASSED] - click(findTestObject("Object Repository/Page_Town Square - FirstTeam Mattermost/button_hieu_style--none sidebar-header-drop_de94de")): Object: 'Object Repository/Page_Town Square - FirstTeam Mattermost/button_hieu_style--none sidebar-header-drop_de94de' is clicked on

2019-12-22 01:49:50 - [MESSAGE][PASSED] - Object: 'Object Repository/Page_Town Square - FirstTeam Mattermost/button_hieu_style--none sidebar-header-drop_de94de' is clicked on

2019-12-22 01:49:50 - [TEST_STEP][PASSED] - click(findTestObject("Page_Town Square - FirstTeam Mattermost/button_Account Settings (1)")): Object: 'Object Repository/Page_Town Square - FirstTeam Mattermost/button_Account Settings (1)' is clicked on

2019-12-22 01:49:50 - [MESSAGE][PASSED] - Object: 'Object Repository/Page_Town Square - FirstTeam Mattermost/button_Account Settings (1)' is clicked on

2019-12-22 01:49:50 - [TEST_STEP][PASSED] - click(findTestObject("Object Repository/Page_Town Square - FirstTeam Mattermost/button_Security")): Object: 'Object Repository/Page_Town Square - FirstTeam Mattermost/button_Security' is clicked on

2019-12-22 01:49:50 - [MESSAGE][PASSED] - Object: 'Object Repository/Page_Town Square - FirstTeam Mattermost/button_Security' is clicked on

2019-12-22 01:49:50 - [TEST_STEP][PASSED] - click(findTestObject("Page_Town Square - FirstTeam Mattermost/button_Edit (1)")): Object: 'Object Repository/Page_Town Square - FirstTeam Mattermost/button_Edit (1)' is clicked on

2019-12-22 01:49:51 - [MESSAGE][PASSED] - Object: 'Object Repository/Page_Town Square - FirstTeam Mattermost/button_Edit (1)' is clicked on

2019-12-22 01:49:51 - [TEST_STEP][PASSED] - setEncryptedText(findTestObject("Object Repository/Page_Town Square - FirstTeam Mattermost/input_Current Password_currentPassword"), "iGDxf8hSRT4="): Text ****** has been set on object 'Object Repository/Page_Town Square - FirstTeam Mattermost/input_Current Password_currentPassword'

2019-12-22 01:49:51 - [MESSAGE][PASSED] - Text ****** has been set on object 'Object Repository/Page_Town Square - FirstTeam Mattermost/input_Current Password_currentPassword'

2019-12-22 01:49:51 - [TEST_STEP][PASSED] - setEncryptedText(findTestObject("Object Repository/Page_Town Square - FirstTeam Mattermost/input_New Password_newPassword"), "iGDxf8hSRT4="): Text ****** has been set on object 'Object Repository/Page_Town Square - FirstTeam Mattermost/input_New Password_newPassword'

2019-12-22 01:49:51 - [MESSAGE][PASSED] - Text ****** has been set on object 'Object Repository/Page_Town Square - FirstTeam Mattermost/input_New Password_newPassword'

2019-12-22 01:49:51 - [TEST_STEP][PASSED] - setEncryptedText(findTestObject("Object Repository/Page_Town Square - FirstTeam Mattermost/input_Retype New Password_confirmPassword"), "iGDxf8hSRT4="): Text ****** has been set on object 'Object Repository/Page_Town Square - FirstTeam Mattermost/input_Retype New Password_confirmPassword'

2019-12-22 01:49:52 - [MESSAGE][PASSED] - Text ****** has been set on object 'Object Repository/Page_Town Square - FirstTeam Mattermost/input_Retype New Password_confirmPassword'

2019-12-22 01:49:52 - [TEST_STEP][PASSED] - click(findTestObject("Page_Town Square - FirstTeam Mattermost/button_Save (1)")): Object: 'Object Repository/Page_Town Square - FirstTeam Mattermost/button_Save (1)' is clicked on

2019-12-22 01:49:52 - [MESSAGE][PASSED] - Object: 'Object Repository/Page_Town Square - FirstTeam Mattermost/button_Save (1)' is clicked on

2019-12-22 01:49:52 - [TEST_STEP][PASSED] - click(findTestObject("Page_Town Square - FirstTeam Mattermost/button_Close (1)")): Object: 'Object Repository/Page_Town Square - FirstTeam Mattermost/button_Close (1)' is clicked on

2019-12-22 01:49:52 - [MESSAGE][PASSED] - Object: 'Object Repository/Page_Town Square - FirstTeam Mattermost/button_Close (1)' is clicked on

2019-12-22 01:49:52 - [TEST_STEP][PASSED] - closeBrowser(): Browser is closed

2019-12-22 01:49:53 - [MESSAGE][PASSED] - Browser is closed]]></system-out>
         <system-err><![CDATA[]]></system-err>
      </testcase>
      <system-out><![CDATA[2019-12-22 01:24:03 - [TEST_SUITE][FAILED] - Run All Test Cases: Test Cases/TestCase15GetInviteLink FAILED.
Reason:
com.kms.katalon.core.exception.StepFailedException: Unable to click on object 'Object Repository/Page_ Town Square - FirstTeam Mattermost/div_Fi'
	at com.kms.katalon.core.webui.keyword.internal.WebUIKeywordMain.stepFailed(WebUIKeywordMain.groovy:64)
	at com.kms.katalon.core.webui.keyword.internal.WebUIKeywordMain.runKeyword(WebUIKeywordMain.groovy:26)
	at com.kms.katalon.core.webui.keyword.builtin.ClickKeyword.click(ClickKeyword.groovy:102)
	at com.kms.katalon.core.webui.keyword.builtin.ClickKeyword.execute(ClickKeyword.groovy:43)
	at com.kms.katalon.core.keyword.internal.KeywordExecutor.executeKeywordForPlatform(KeywordExecutor.groovy:72)
	at com.kms.katalon.core.webui.keyword.WebUiBuiltInKeywords.click(WebUiBuiltInKeywords.groovy:616)
	at com.kms.katalon.core.webui.keyword.WebUiBuiltInKeywords$click$3.call(Unknown Source)
	at TestCase15GetInviteLink.run(TestCase15GetInviteLink:29)
	at com.kms.katalon.core.main.ScriptEngine.run(ScriptEngine.java:194)
	at com.kms.katalon.core.main.ScriptEngine.runScriptAsRawText(ScriptEngine.java:119)
	at com.kms.katalon.core.main.TestCaseExecutor.runScript(TestCaseExecutor.java:337)
	at com.kms.katalon.core.main.TestCaseExecutor.doExecute(TestCaseExecutor.java:328)
	at com.kms.katalon.core.main.TestCaseExecutor.processExecutionPhase(TestCaseExecutor.java:307)
	at com.kms.katalon.core.main.TestCaseExecutor.accessMainPhase(TestCaseExecutor.java:299)
	at com.kms.katalon.core.main.TestCaseExecutor.execute(TestCaseExecutor.java:233)
	at com.kms.katalon.core.main.TestSuiteExecutor.accessTestCaseMainPhase(TestSuiteExecutor.java:169)
	at com.kms.katalon.core.main.TestSuiteExecutor.accessTestSuiteMainPhase(TestSuiteExecutor.java:142)
	at com.kms.katalon.core.main.TestSuiteExecutor.execute(TestSuiteExecutor.java:91)
	at com.kms.katalon.core.main.TestCaseMain.startTestSuite(TestCaseMain.java:157)
	at com.kms.katalon.core.main.TestCaseMain$startTestSuite$0.call(Unknown Source)
	at TempTestSuite1576952642373.run(TempTestSuite1576952642373.groovy:36)
Caused by: com.kms.katalon.core.webui.exception.WebElementNotFoundException: Web element with id: 'Object Repository/Page_ Town Square - FirstTeam Mattermost/div_Fi' located by 'By.xpath: //a[@id='firstteamTeamButton']/div/div/div' not found
	at com.kms.katalon.core.webui.common.WebUiCommonHelper.findWebElement(WebUiCommonHelper.java:1154)
	at com.kms.katalon.core.webui.keyword.internal.WebUIAbstractKeyword.findWebElement(WebUIAbstractKeyword.groovy:27)
	at com.kms.katalon.core.webui.keyword.internal.WebUIAbstractKeyword.findWebElement(WebUIAbstractKeyword.groovy:26)
	at com.kms.katalon.core.webui.keyword.builtin.ClickKeyword$_click_closure1.doCall(ClickKeyword.groovy:67)
	at com.kms.katalon.core.webui.keyword.builtin.ClickKeyword$_click_closure1.call(ClickKeyword.groovy)
	at com.kms.katalon.core.webui.keyword.internal.WebUIKeywordMain.runKeyword(WebUIKeywordMain.groovy:20)
	... 19 more]]></system-out>
      <system-err><![CDATA[2019-12-22 01:24:03 - [TEST_SUITE][FAILED] - Run All Test Cases: Test Cases/TestCase15GetInviteLink FAILED.
Reason:
com.kms.katalon.core.exception.StepFailedException: Unable to click on object 'Object Repository/Page_ Town Square - FirstTeam Mattermost/div_Fi'
	at com.kms.katalon.core.webui.keyword.internal.WebUIKeywordMain.stepFailed(WebUIKeywordMain.groovy:64)
	at com.kms.katalon.core.webui.keyword.internal.WebUIKeywordMain.runKeyword(WebUIKeywordMain.groovy:26)
	at com.kms.katalon.core.webui.keyword.builtin.ClickKeyword.click(ClickKeyword.groovy:102)
	at com.kms.katalon.core.webui.keyword.builtin.ClickKeyword.execute(ClickKeyword.groovy:43)
	at com.kms.katalon.core.keyword.internal.KeywordExecutor.executeKeywordForPlatform(KeywordExecutor.groovy:72)
	at com.kms.katalon.core.webui.keyword.WebUiBuiltInKeywords.click(WebUiBuiltInKeywords.groovy:616)
	at com.kms.katalon.core.webui.keyword.WebUiBuiltInKeywords$click$3.call(Unknown Source)
	at TestCase15GetInviteLink.run(TestCase15GetInviteLink:29)
	at com.kms.katalon.core.main.ScriptEngine.run(ScriptEngine.java:194)
	at com.kms.katalon.core.main.ScriptEngine.runScriptAsRawText(ScriptEngine.java:119)
	at com.kms.katalon.core.main.TestCaseExecutor.runScript(TestCaseExecutor.java:337)
	at com.kms.katalon.core.main.TestCaseExecutor.doExecute(TestCaseExecutor.java:328)
	at com.kms.katalon.core.main.TestCaseExecutor.processExecutionPhase(TestCaseExecutor.java:307)
	at com.kms.katalon.core.main.TestCaseExecutor.accessMainPhase(TestCaseExecutor.java:299)
	at com.kms.katalon.core.main.TestCaseExecutor.execute(TestCaseExecutor.java:233)
	at com.kms.katalon.core.main.TestSuiteExecutor.accessTestCaseMainPhase(TestSuiteExecutor.java:169)
	at com.kms.katalon.core.main.TestSuiteExecutor.accessTestSuiteMainPhase(TestSuiteExecutor.java:142)
	at com.kms.katalon.core.main.TestSuiteExecutor.execute(TestSuiteExecutor.java:91)
	at com.kms.katalon.core.main.TestCaseMain.startTestSuite(TestCaseMain.java:157)
	at com.kms.katalon.core.main.TestCaseMain$startTestSuite$0.call(Unknown Source)
	at TempTestSuite1576952642373.run(TempTestSuite1576952642373.groovy:36)
Caused by: com.kms.katalon.core.webui.exception.WebElementNotFoundException: Web element with id: 'Object Repository/Page_ Town Square - FirstTeam Mattermost/div_Fi' located by 'By.xpath: //a[@id='firstteamTeamButton']/div/div/div' not found
	at com.kms.katalon.core.webui.common.WebUiCommonHelper.findWebElement(WebUiCommonHelper.java:1154)
	at com.kms.katalon.core.webui.keyword.internal.WebUIAbstractKeyword.findWebElement(WebUIAbstractKeyword.groovy:27)
	at com.kms.katalon.core.webui.keyword.internal.WebUIAbstractKeyword.findWebElement(WebUIAbstractKeyword.groovy:26)
	at com.kms.katalon.core.webui.keyword.builtin.ClickKeyword$_click_closure1.doCall(ClickKeyword.groovy:67)
	at com.kms.katalon.core.webui.keyword.builtin.ClickKeyword$_click_closure1.call(ClickKeyword.groovy)
	at com.kms.katalon.core.webui.keyword.internal.WebUIKeywordMain.runKeyword(WebUIKeywordMain.groovy:20)
	... 19 more]]></system-err>
   </testsuite>
</testsuites>
